<?xml version="1.0" encoding="UTF-8"?>
<testng-results skipped="236" failed="5" total="317" passed="76">
  <reporter-output>
  </reporter-output>
  <suite name="Suite" duration-ms="45872070" started-at="2018-05-09T15:30:44Z" finished-at="2018-05-10T04:15:16Z">
    <groups>
    </groups>
    <test name="Testchrome" duration-ms="45872070" started-at="2018-05-09T15:30:44Z" finished-at="2018-05-10T04:15:16Z">
      <class name="com.bms.M13.Task.TestEditGlobaltask">
        <test-method status="SKIP" signature="afterMethod(org.testng.ITestResult)[pri:0, instance:com.bms.M13.Task.TestEditGlobaltask@3c0f93f1]" name="afterMethod" is-config="true" duration-ms="0" started-at="2018-05-10T09:45:16Z" finished-at="2018-05-10T09:45:16Z">
          <reporter-output>
          </reporter-output>
        </test-method> <!-- afterMethod -->
        <test-method status="SKIP" signature="setup()[pri:0, instance:com.bms.M13.Task.TestEditGlobaltask@3c0f93f1]" name="setup" is-config="true" duration-ms="0" started-at="2018-05-10T09:45:16Z" finished-at="2018-05-10T09:45:16Z">
          <reporter-output>
          </reporter-output>
        </test-method> <!-- setup -->
        <test-method status="SKIP" signature="MakeGlobaltaskIsUnavailable()[pri:1, instance:com.bms.M13.Task.TestEditGlobaltask@3c0f93f1]" name="MakeGlobaltaskIsUnavailable" duration-ms="0" started-at="2018-05-10T09:45:16Z" finished-at="2018-05-10T09:45:16Z">
          <reporter-output>
          </reporter-output>
        </test-method> <!-- MakeGlobaltaskIsUnavailable -->
        <test-method status="SKIP" signature="setup(java.lang.reflect.Method)[pri:0, instance:com.bms.M13.Task.TestEditGlobaltask@3c0f93f1]" name="setup" is-config="true" duration-ms="0" started-at="2018-05-10T09:45:16Z" finished-at="2018-05-10T09:45:16Z">
          <reporter-output>
          </reporter-output>
        </test-method> <!-- setup -->
        <test-method status="SKIP" signature="MakeGlobaltaskIsAvailable()[pri:0, instance:com.bms.M13.Task.TestEditGlobaltask@3c0f93f1]" name="MakeGlobaltaskIsAvailable" duration-ms="0" started-at="2018-05-10T09:45:16Z" depends-on-methods="com.bms.M13.Task.TestEditGlobaltask.MakeGlobaltaskIsUnavailable" finished-at="2018-05-10T09:45:16Z">
          <exception class="java.lang.Throwable">
            <message>
              <![CDATA[Method TestEditGlobaltask.MakeGlobaltaskIsAvailable()[pri:0, instance:com.bms.M13.Task.TestEditGlobaltask@3c0f93f1] depends on not successfully finished methods]]>
            </message>
            <full-stacktrace>
              <![CDATA[java.lang.Throwable: Method TestEditGlobaltask.MakeGlobaltaskIsAvailable()[pri:0, instance:com.bms.M13.Task.TestEditGlobaltask@3c0f93f1] depends on not successfully finished methods
	at org.testng.internal.Invoker.invokeTestMethods(Invoker.java:1037)
	at org.testng.internal.TestMethodWorker.invokeTestMethods(TestMethodWorker.java:129)
	at org.testng.internal.TestMethodWorker.run(TestMethodWorker.java:112)
	at org.testng.TestRunner.privateRun(TestRunner.java:782)
	at org.testng.TestRunner.run(TestRunner.java:632)
	at org.testng.SuiteRunner.runTest(SuiteRunner.java:366)
	at org.testng.SuiteRunner.runSequentially(SuiteRunner.java:361)
	at org.testng.SuiteRunner.privateRun(SuiteRunner.java:319)
	at org.testng.SuiteRunner.run(SuiteRunner.java:268)
	at org.testng.SuiteRunnerWorker.runSuite(SuiteRunnerWorker.java:52)
	at org.testng.SuiteRunnerWorker.run(SuiteRunnerWorker.java:86)
	at org.testng.TestNG.runSuitesSequentially(TestNG.java:1244)
	at org.testng.TestNG.runSuitesLocally(TestNG.java:1169)
	at org.testng.TestNG.run(TestNG.java:1064)
	at org.apache.maven.surefire.testng.TestNGExecutor.run(TestNGExecutor.java:178)
	at org.apache.maven.surefire.testng.TestNGXmlTestSuite.execute(TestNGXmlTestSuite.java:92)
	at org.apache.maven.surefire.testng.TestNGProvider.invoke(TestNGProvider.java:96)
	at sun.reflect.NativeMethodAccessorImpl.invoke0(Native Method)
	at sun.reflect.NativeMethodAccessorImpl.invoke(NativeMethodAccessorImpl.java:62)
	at sun.reflect.DelegatingMethodAccessorImpl.invoke(DelegatingMethodAccessorImpl.java:43)
	at java.lang.reflect.Method.invoke(Method.java:498)
	at org.apache.maven.surefire.util.ReflectionUtils.invokeMethodWithArray2(ReflectionUtils.java:208)
	at org.apache.maven.surefire.booter.ProviderFactory$ProviderProxy.invoke(ProviderFactory.java:159)
	at org.apache.maven.surefire.booter.ProviderFactory.invokeProvider(ProviderFactory.java:87)
	at org.apache.maven.surefire.booter.ForkedBooter.runSuitesInProcess(ForkedBooter.java:153)
	at org.apache.maven.surefire.booter.ForkedBooter.main(ForkedBooter.java:95)
]]>
            </full-stacktrace>
          </exception> <!-- java.lang.Throwable -->
          <reporter-output>
          </reporter-output>
        </test-method> <!-- MakeGlobaltaskIsAvailable -->
        <test-method status="SKIP" signature="closedrivers()[pri:0, instance:com.bms.M13.Task.TestEditGlobaltask@3c0f93f1]" name="closedrivers" is-config="true" duration-ms="0" started-at="2018-05-10T09:45:16Z" finished-at="2018-05-10T09:45:16Z">
          <reporter-output>
          </reporter-output>
        </test-method> <!-- closedrivers -->
      </class> <!-- com.bms.M13.Task.TestEditGlobaltask -->
      <class name="com.bms.M6.Scheduler.TestProvierHomePage">
        <test-method status="PASS" signature="setup()[pri:0, instance:com.bms.M6.Scheduler.TestProvierHomePage@57baeedf]" name="setup" is-config="true" duration-ms="4645" started-at="2018-05-10T03:56:38Z" finished-at="2018-05-10T03:56:42Z">
          <reporter-output>
          </reporter-output>
        </test-method> <!-- setup -->
        <test-method status="PASS" signature="setup(java.lang.reflect.Method)[pri:0, instance:com.bms.M6.Scheduler.TestProvierHomePage@57baeedf]" name="setup" is-config="true" duration-ms="31254" started-at="2018-05-10T03:56:42Z" finished-at="2018-05-10T03:57:14Z">
          <params>
            <param index="0">
              <value>
                <![CDATA[public void com.bms.M6.Scheduler.TestProvierHomePage.testcancelcreatenoteoption()]]>
              </value>
            </param>
          </params>
          <reporter-output>
          </reporter-output>
        </test-method> <!-- setup -->
        <test-method status="PASS" signature="testcancelcreatenoteoption()[pri:1, instance:com.bms.M6.Scheduler.TestProvierHomePage@57baeedf]" name="testcancelcreatenoteoption" duration-ms="90851" started-at="2018-05-10T03:57:14Z" finished-at="2018-05-10T03:58:45Z">
          <reporter-output>
          </reporter-output>
        </test-method> <!-- testcancelcreatenoteoption -->
        <test-method status="PASS" signature="afterMethod(org.testng.ITestResult)[pri:0, instance:com.bms.M6.Scheduler.TestProvierHomePage@57baeedf]" name="afterMethod" is-config="true" duration-ms="176" started-at="2018-05-10T03:58:45Z" finished-at="2018-05-10T03:58:45Z">
          <params>
            <param index="0">
              <value>
                <![CDATA[[TestResult name=testcancelcreatenoteoption status=SUCCESS method=TestProvierHomePage.testcancelcreatenoteoption()[pri:1, instance:com.bms.M6.Scheduler.TestProvierHomePage@57baeedf] output={null}]]]>
              </value>
            </param>
          </params>
          <reporter-output>
          </reporter-output>
        </test-method> <!-- afterMethod -->
        <test-method status="PASS" signature="setup(java.lang.reflect.Method)[pri:0, instance:com.bms.M6.Scheduler.TestProvierHomePage@57baeedf]" name="setup" is-config="true" duration-ms="20280" started-at="2018-05-10T03:58:45Z" finished-at="2018-05-10T03:59:05Z">
          <params>
            <param index="0">
              <value>
                <![CDATA[public void com.bms.M6.Scheduler.TestProvierHomePage.testNoShowcreatenoteoption()]]>
              </value>
            </param>
          </params>
          <reporter-output>
          </reporter-output>
        </test-method> <!-- setup -->
        <test-method status="PASS" signature="testNoShowcreatenoteoption()[pri:2, instance:com.bms.M6.Scheduler.TestProvierHomePage@57baeedf]" name="testNoShowcreatenoteoption" duration-ms="91475" started-at="2018-05-10T03:59:05Z" finished-at="2018-05-10T04:00:36Z">
          <reporter-output>
          </reporter-output>
        </test-method> <!-- testNoShowcreatenoteoption -->
        <test-method status="PASS" signature="afterMethod(org.testng.ITestResult)[pri:0, instance:com.bms.M6.Scheduler.TestProvierHomePage@57baeedf]" name="afterMethod" is-config="true" duration-ms="186" started-at="2018-05-10T04:00:36Z" finished-at="2018-05-10T04:00:37Z">
          <params>
            <param index="0">
              <value>
                <![CDATA[[TestResult name=testNoShowcreatenoteoption status=SUCCESS method=TestProvierHomePage.testNoShowcreatenoteoption()[pri:2, instance:com.bms.M6.Scheduler.TestProvierHomePage@57baeedf] output={null}]]]>
              </value>
            </param>
          </params>
          <reporter-output>
          </reporter-output>
        </test-method> <!-- afterMethod -->
        <test-method status="PASS" signature="setup(java.lang.reflect.Method)[pri:0, instance:com.bms.M6.Scheduler.TestProvierHomePage@57baeedf]" name="setup" is-config="true" duration-ms="21909" started-at="2018-05-10T04:00:37Z" finished-at="2018-05-10T04:00:59Z">
          <params>
            <param index="0">
              <value>
                <![CDATA[public void com.bms.M6.Scheduler.TestProvierHomePage.testProviderHomeNoShowAppointmnet()]]>
              </value>
            </param>
          </params>
          <reporter-output>
          </reporter-output>
        </test-method> <!-- setup -->
        <test-method status="PASS" signature="testProviderHomeNoShowAppointmnet()[pri:3, instance:com.bms.M6.Scheduler.TestProvierHomePage@57baeedf]" name="testProviderHomeNoShowAppointmnet" duration-ms="84067" started-at="2018-05-10T04:00:59Z" finished-at="2018-05-10T04:02:23Z">
          <reporter-output>
          </reporter-output>
        </test-method> <!-- testProviderHomeNoShowAppointmnet -->
        <test-method status="PASS" signature="afterMethod(org.testng.ITestResult)[pri:0, instance:com.bms.M6.Scheduler.TestProvierHomePage@57baeedf]" name="afterMethod" is-config="true" duration-ms="179" started-at="2018-05-10T04:02:23Z" finished-at="2018-05-10T04:02:23Z">
          <params>
            <param index="0">
              <value>
                <![CDATA[[TestResult name=testProviderHomeNoShowAppointmnet status=SUCCESS method=TestProvierHomePage.testProviderHomeNoShowAppointmnet()[pri:3, instance:com.bms.M6.Scheduler.TestProvierHomePage@57baeedf] output={null}]]]>
              </value>
            </param>
          </params>
          <reporter-output>
          </reporter-output>
        </test-method> <!-- afterMethod -->
        <test-method status="PASS" signature="setup(java.lang.reflect.Method)[pri:0, instance:com.bms.M6.Scheduler.TestProvierHomePage@57baeedf]" name="setup" is-config="true" duration-ms="19088" started-at="2018-05-10T04:02:23Z" finished-at="2018-05-10T04:02:42Z">
          <params>
            <param index="0">
              <value>
                <![CDATA[public void com.bms.M6.Scheduler.TestProvierHomePage.testProviderHomecancelAppointmnet()]]>
              </value>
            </param>
          </params>
          <reporter-output>
          </reporter-output>
        </test-method> <!-- setup -->
        <test-method status="PASS" signature="testProviderHomecancelAppointmnet()[pri:4, instance:com.bms.M6.Scheduler.TestProvierHomePage@57baeedf]" name="testProviderHomecancelAppointmnet" duration-ms="93202" started-at="2018-05-10T04:02:42Z" finished-at="2018-05-10T04:04:15Z">
          <reporter-output>
          </reporter-output>
        </test-method> <!-- testProviderHomecancelAppointmnet -->
        <test-method status="PASS" signature="afterMethod(org.testng.ITestResult)[pri:0, instance:com.bms.M6.Scheduler.TestProvierHomePage@57baeedf]" name="afterMethod" is-config="true" duration-ms="228" started-at="2018-05-10T04:04:15Z" finished-at="2018-05-10T04:04:15Z">
          <params>
            <param index="0">
              <value>
                <![CDATA[[TestResult name=testProviderHomecancelAppointmnet status=SUCCESS method=TestProvierHomePage.testProviderHomecancelAppointmnet()[pri:4, instance:com.bms.M6.Scheduler.TestProvierHomePage@57baeedf] output={null}]]]>
              </value>
            </param>
          </params>
          <reporter-output>
          </reporter-output>
        </test-method> <!-- afterMethod -->
        <test-method status="PASS" signature="setup(java.lang.reflect.Method)[pri:0, instance:com.bms.M6.Scheduler.TestProvierHomePage@57baeedf]" name="setup" is-config="true" duration-ms="20847" started-at="2018-05-10T04:04:15Z" finished-at="2018-05-10T04:04:36Z">
          <params>
            <param index="0">
              <value>
                <![CDATA[public void com.bms.M6.Scheduler.TestProvierHomePage.testProviderHomeRescheduleAppointmnet()]]>
              </value>
            </param>
          </params>
          <reporter-output>
          </reporter-output>
        </test-method> <!-- setup -->
        <test-method status="PASS" signature="testProviderHomeRescheduleAppointmnet()[pri:5, instance:com.bms.M6.Scheduler.TestProvierHomePage@57baeedf]" name="testProviderHomeRescheduleAppointmnet" duration-ms="86187" started-at="2018-05-10T04:04:36Z" finished-at="2018-05-10T04:06:02Z">
          <reporter-output>
          </reporter-output>
        </test-method> <!-- testProviderHomeRescheduleAppointmnet -->
        <test-method status="PASS" signature="afterMethod(org.testng.ITestResult)[pri:0, instance:com.bms.M6.Scheduler.TestProvierHomePage@57baeedf]" name="afterMethod" is-config="true" duration-ms="250" started-at="2018-05-10T04:06:02Z" finished-at="2018-05-10T04:06:03Z">
          <params>
            <param index="0">
              <value>
                <![CDATA[[TestResult name=testProviderHomeRescheduleAppointmnet status=SUCCESS method=TestProvierHomePage.testProviderHomeRescheduleAppointmnet()[pri:5, instance:com.bms.M6.Scheduler.TestProvierHomePage@57baeedf] output={null}]]]>
              </value>
            </param>
          </params>
          <reporter-output>
          </reporter-output>
        </test-method> <!-- afterMethod -->
        <test-method status="PASS" signature="setup(java.lang.reflect.Method)[pri:0, instance:com.bms.M6.Scheduler.TestProvierHomePage@57baeedf]" name="setup" is-config="true" duration-ms="22631" started-at="2018-05-10T04:06:03Z" finished-at="2018-05-10T04:06:25Z">
          <params>
            <param index="0">
              <value>
                <![CDATA[public void com.bms.M6.Scheduler.TestProvierHomePage.testProviderHomeVoidAppointmnet()]]>
              </value>
            </param>
          </params>
          <reporter-output>
          </reporter-output>
        </test-method> <!-- setup -->
        <test-method status="SKIP" signature="testProviderHomeVoidAppointmnet()[pri:6, instance:com.bms.M6.Scheduler.TestProvierHomePage@57baeedf]" name="testProviderHomeVoidAppointmnet" duration-ms="61905" started-at="2018-05-10T04:06:25Z" finished-at="2018-05-10T04:07:27Z">
          <exception class="java.lang.AssertionError">
            <message>
              <![CDATA[java.lang.AssertionError: org.openqa.selenium.NoSuchElementException: no such element: Unable to locate element: {"method":"xpath","selector":"//*[@id='resourceCode_listbox']//li[contains(.,'Massage')]"}
  (Session info: chrome=54.0.2840.71)
  (Driver info: chromedriver=2.25.426923 (0390b88869384d6eb0d5d09729679f934aab9eed),platform=Windows NT 6.1.7601 SP1 x86_64) (WARNING: The server did not provide any stacktrace information)
Command duration or timeout: 32 milliseconds
For documentation on this error, please visit: http://seleniumhq.org/exceptions/no_such_element.html
Build info: version: '2.53.1', revision: 'a36b8b1cd5757287168e54b817830adce9b0158d', time: '2016-06-30 19:26:09'
System info: host: 'C40GF55BMS', ip: '10.131.168.50', os.name: 'Windows 7', os.arch: 'amd64', os.version: '6.1', java.version: '1.8.0_91'
Driver info: org.openqa.selenium.chrome.ChromeDriver
Capabilities [{applicationCacheEnabled=false, rotatable=false, mobileEmulationEnabled=false, networkConnectionEnabled=false, chrome={chromedriverVersion=2.25.426923 (0390b88869384d6eb0d5d09729679f934aab9eed), userDataDir=C:\Users\AJAY~1.KUM\AppData\Local\Temp\scoped_dir5464_12388}, takesHeapSnapshot=true, pageLoadStrategy=normal, databaseEnabled=false, handlesAlerts=true, hasTouchScreen=false, version=54.0.2840.71, platform=XP, browserConnectionEnabled=false, nativeEvents=true, acceptSslCerts=true, locationContextEnabled=true, webStorageEnabled=true, browserName=chrome, takesScreenshot=true, javascriptEnabled=true, cssSelectorsEnabled=true}]
Session ID: 532be93099bdd476050de5ba55e3d95a
*** Element info: {Using=xpath, value=//*[@id='resourceCode_listbox']//li[contains(.,'Massage')]}
	at sun.reflect.GeneratedConstructorAccessor10.newInstance(Unknown Source)
	at sun.reflect.DelegatingConstructorAccessorImpl.newInstance(DelegatingConstructorAccessorImpl.java:45)
	at java.lang.reflect.Constructor.newInstance(Constructor.java:423)
	at org.openqa.selenium.remote.ErrorHandler.createThrowable(ErrorHandler.java:206)
	at org.openqa.selenium.remote.ErrorHandler.throwIfResponseFailed(ErrorHandler.java:158)
	at org.openqa.selenium.remote.RemoteWebDriver.execute(RemoteWebDriver.java:678)
	at org.openqa.selenium.remote.RemoteWebDriver.findElement(RemoteWebDriver.java:363)
	at org.openqa.selenium.remote.RemoteWebDriver.findElementByXPath(RemoteWebDriver.java:500)
	at org.openqa.selenium.By$ByXPath.findElement(By.java:361)
	at org.openqa.selenium.remote.RemoteWebDriver.findElement(RemoteWebDriver.java:355)
	at UIMap.SchedulerPage.ResourceField(SchedulerPage.java:438)
	at Utils.AddScheduleUtils.addVoidAppointmnet(AddScheduleUtils.java:1760)
	at com.bms.M6.Scheduler.TestProvierHomePage.testProviderHomeVoidAppointmnet(TestProvierHomePage.java:388)
	at sun.reflect.NativeMethodAccessorImpl.invoke0(Native Method)
	at sun.reflect.NativeMethodAccessorImpl.invoke(NativeMethodAccessorImpl.java:62)
	at sun.reflect.DelegatingMethodAccessorImpl.invoke(DelegatingMethodAccessorImpl.java:43)
	at java.lang.reflect.Method.invoke(Method.java:498)
	at org.testng.internal.MethodInvocationHelper.invokeMethod(MethodInvocationHelper.java:86)
	at org.testng.internal.Invoker.invokeMethod(Invoker.java:643)
	at org.testng.internal.Invoker.invokeTestMethod(Invoker.java:820)
	at org.testng.internal.Invoker.invokeTestMethods(Invoker.java:1128)
	at org.testng.internal.TestMethodWorker.invokeTestMethods(TestMethodWorker.java:129)
	at org.testng.internal.TestMethodWorker.run(TestMethodWorker.java:112)
	at org.testng.TestRunner.privateRun(TestRunner.java:782)
	at org.testng.TestRunner.run(TestRunner.java:632)
	at org.testng.SuiteRunner.runTest(SuiteRunner.java:366)
	at org.testng.SuiteRunner.runSequentially(SuiteRunner.java:361)
	at org.testng.SuiteRunner.privateRun(SuiteRunner.java:319)
	at org.testng.SuiteRunner.run(SuiteRunner.java:268)
	at org.testng.SuiteRunnerWorker.runSuite(SuiteRunnerWorker.java:52)
	at org.testng.SuiteRunnerWorker.run(SuiteRunnerWorker.java:86)
	at org.testng.TestNG.runSuitesSequentially(TestNG.java:1244)
	at org.testng.TestNG.runSuitesLocally(TestNG.java:1169)
	at org.testng.TestNG.run(TestNG.java:1064)
	at org.apache.maven.surefire.testng.TestNGExecutor.run(TestNGExecutor.java:178)
	at org.apache.maven.surefire.testng.TestNGXmlTestSuite.execute(TestNGXmlTestSuite.java:92)
	at org.apache.maven.surefire.testng.TestNGProvider.invoke(TestNGProvider.java:96)
	at sun.reflect.NativeMethodAccessorImpl.invoke0(Native Method)
	at sun.reflect.NativeMethodAccessorImpl.invoke(NativeMethodAccessorImpl.java:62)
	at sun.reflect.DelegatingMethodAccessorImpl.invoke(DelegatingMethodAccessorImpl.java:43)
	at java.lang.reflect.Method.invoke(Method.java:498)
	at org.apache.maven.surefire.util.ReflectionUtils.invokeMethodWithArray2(ReflectionUtils.java:208)
	at org.apache.maven.surefire.booter.ProviderFactory$ProviderProxy.invoke(ProviderFactory.java:159)
	at org.apache.maven.surefire.booter.ProviderFactory.invokeProvider(ProviderFactory.java:87)
	at org.apache.maven.surefire.booter.ForkedBooter.runSuitesInProcess(ForkedBooter.java:153)
	at org.apache.maven.surefire.booter.ForkedBooter.main(ForkedBooter.java:95)
 expected [false] but found [true]
	at org.testng.Assert.fail(Assert.java:94)
	at org.testng.Assert.failNotEquals(Assert.java:513)
	at org.testng.Assert.assertFalse(Assert.java:63)
	at UIMap.SchedulerPage.ResourceField(SchedulerPage.java:442)
	at Utils.AddScheduleUtils.addVoidAppointmnet(AddScheduleUtils.java:1760)
	at com.bms.M6.Scheduler.TestProvierHomePage.testProviderHomeVoidAppointmnet(TestProvierHomePage.java:388)
	at sun.reflect.NativeMethodAccessorImpl.invoke0(Native Method)
	at sun.reflect.NativeMethodAccessorImpl.invoke(NativeMethodAccessorImpl.java:62)
	at sun.reflect.DelegatingMethodAccessorImpl.invoke(DelegatingMethodAccessorImpl.java:43)
	at java.lang.reflect.Method.invoke(Method.java:498)
	at org.testng.internal.MethodInvocationHelper.invokeMethod(MethodInvocationHelper.java:86)
	at org.testng.internal.Invoker.invokeMethod(Invoker.java:643)
	at org.testng.internal.Invoker.invokeTestMethod(Invoker.java:820)
	at org.testng.internal.Invoker.invokeTestMethods(Invoker.java:1128)
	at org.testng.internal.TestMethodWorker.invokeTestMethods(TestMethodWorker.java:129)
	at org.testng.internal.TestMethodWorker.run(TestMethodWorker.java:112)
	at org.testng.TestRunner.privateRun(TestRunner.java:782)
	at org.testng.TestRunner.run(TestRunner.java:632)
	at org.testng.SuiteRunner.runTest(SuiteRunner.java:366)
	at org.testng.SuiteRunner.runSequentially(SuiteRunner.java:361)
	at org.testng.SuiteRunner.privateRun(SuiteRunner.java:319)
	at org.testng.SuiteRunner.run(SuiteRunner.java:268)
	at org.testng.SuiteRunnerWorker.runSuite(SuiteRunnerWorker.java:52)
	at org.testng.SuiteRunnerWorker.run(SuiteRunnerWorker.java:86)
	at org.testng.TestNG.runSuitesSequentially(TestNG.java:1244)
	at org.testng.TestNG.runSuitesLocally(TestNG.java:1169)
	at org.testng.TestNG.run(TestNG.java:1064)
	at org.apache.maven.surefire.testng.TestNGExecutor.run(TestNGExecutor.java:178)
	at org.apache.maven.surefire.testng.TestNGXmlTestSuite.execute(TestNGXmlTestSuite.java:92)
	at org.apache.maven.surefire.testng.TestNGProvider.invoke(TestNGProvider.java:96)
	at sun.reflect.NativeMethodAccessorImpl.invoke0(Native Method)
	at sun.reflect.NativeMethodAccessorImpl.invoke(NativeMethodAccessorImpl.java:62)
	at sun.reflect.DelegatingMethodAccessorImpl.invoke(DelegatingMethodAccessorImpl.java:43)
	at java.lang.reflect.Method.invoke(Method.java:498)
	at org.apache.maven.surefire.util.ReflectionUtils.invokeMethodWithArray2(ReflectionUtils.java:208)
	at org.apache.maven.surefire.booter.ProviderFactory$ProviderProxy.invoke(ProviderFactory.java:159)
	at org.apache.maven.surefire.booter.ProviderFactory.invokeProvider(ProviderFactory.java:87)
	at org.apache.maven.surefire.booter.ForkedBooter.runSuitesInProcess(ForkedBooter.java:153)
	at org.apache.maven.surefire.booter.ForkedBooter.main(ForkedBooter.java:95)
 expected [false] but found [true]]]>
            </message>
            <full-stacktrace>
              <![CDATA[java.lang.AssertionError: java.lang.AssertionError: org.openqa.selenium.NoSuchElementException: no such element: Unable to locate element: {"method":"xpath","selector":"//*[@id='resourceCode_listbox']//li[contains(.,'Massage')]"}
  (Session info: chrome=54.0.2840.71)
  (Driver info: chromedriver=2.25.426923 (0390b88869384d6eb0d5d09729679f934aab9eed),platform=Windows NT 6.1.7601 SP1 x86_64) (WARNING: The server did not provide any stacktrace information)
Command duration or timeout: 32 milliseconds
For documentation on this error, please visit: http://seleniumhq.org/exceptions/no_such_element.html
Build info: version: '2.53.1', revision: 'a36b8b1cd5757287168e54b817830adce9b0158d', time: '2016-06-30 19:26:09'
System info: host: 'C40GF55BMS', ip: '10.131.168.50', os.name: 'Windows 7', os.arch: 'amd64', os.version: '6.1', java.version: '1.8.0_91'
Driver info: org.openqa.selenium.chrome.ChromeDriver
Capabilities [{applicationCacheEnabled=false, rotatable=false, mobileEmulationEnabled=false, networkConnectionEnabled=false, chrome={chromedriverVersion=2.25.426923 (0390b88869384d6eb0d5d09729679f934aab9eed), userDataDir=C:\Users\AJAY~1.KUM\AppData\Local\Temp\scoped_dir5464_12388}, takesHeapSnapshot=true, pageLoadStrategy=normal, databaseEnabled=false, handlesAlerts=true, hasTouchScreen=false, version=54.0.2840.71, platform=XP, browserConnectionEnabled=false, nativeEvents=true, acceptSslCerts=true, locationContextEnabled=true, webStorageEnabled=true, browserName=chrome, takesScreenshot=true, javascriptEnabled=true, cssSelectorsEnabled=true}]
Session ID: 532be93099bdd476050de5ba55e3d95a
*** Element info: {Using=xpath, value=//*[@id='resourceCode_listbox']//li[contains(.,'Massage')]}
	at sun.reflect.GeneratedConstructorAccessor10.newInstance(Unknown Source)
	at sun.reflect.DelegatingConstructorAccessorImpl.newInstance(DelegatingConstructorAccessorImpl.java:45)
	at java.lang.reflect.Constructor.newInstance(Constructor.java:423)
	at org.openqa.selenium.remote.ErrorHandler.createThrowable(ErrorHandler.java:206)
	at org.openqa.selenium.remote.ErrorHandler.throwIfResponseFailed(ErrorHandler.java:158)
	at org.openqa.selenium.remote.RemoteWebDriver.execute(RemoteWebDriver.java:678)
	at org.openqa.selenium.remote.RemoteWebDriver.findElement(RemoteWebDriver.java:363)
	at org.openqa.selenium.remote.RemoteWebDriver.findElementByXPath(RemoteWebDriver.java:500)
	at org.openqa.selenium.By$ByXPath.findElement(By.java:361)
	at org.openqa.selenium.remote.RemoteWebDriver.findElement(RemoteWebDriver.java:355)
	at UIMap.SchedulerPage.ResourceField(SchedulerPage.java:438)
	at Utils.AddScheduleUtils.addVoidAppointmnet(AddScheduleUtils.java:1760)
	at com.bms.M6.Scheduler.TestProvierHomePage.testProviderHomeVoidAppointmnet(TestProvierHomePage.java:388)
	at sun.reflect.NativeMethodAccessorImpl.invoke0(Native Method)
	at sun.reflect.NativeMethodAccessorImpl.invoke(NativeMethodAccessorImpl.java:62)
	at sun.reflect.DelegatingMethodAccessorImpl.invoke(DelegatingMethodAccessorImpl.java:43)
	at java.lang.reflect.Method.invoke(Method.java:498)
	at org.testng.internal.MethodInvocationHelper.invokeMethod(MethodInvocationHelper.java:86)
	at org.testng.internal.Invoker.invokeMethod(Invoker.java:643)
	at org.testng.internal.Invoker.invokeTestMethod(Invoker.java:820)
	at org.testng.internal.Invoker.invokeTestMethods(Invoker.java:1128)
	at org.testng.internal.TestMethodWorker.invokeTestMethods(TestMethodWorker.java:129)
	at org.testng.internal.TestMethodWorker.run(TestMethodWorker.java:112)
	at org.testng.TestRunner.privateRun(TestRunner.java:782)
	at org.testng.TestRunner.run(TestRunner.java:632)
	at org.testng.SuiteRunner.runTest(SuiteRunner.java:366)
	at org.testng.SuiteRunner.runSequentially(SuiteRunner.java:361)
	at org.testng.SuiteRunner.privateRun(SuiteRunner.java:319)
	at org.testng.SuiteRunner.run(SuiteRunner.java:268)
	at org.testng.SuiteRunnerWorker.runSuite(SuiteRunnerWorker.java:52)
	at org.testng.SuiteRunnerWorker.run(SuiteRunnerWorker.java:86)
	at org.testng.TestNG.runSuitesSequentially(TestNG.java:1244)
	at org.testng.TestNG.runSuitesLocally(TestNG.java:1169)
	at org.testng.TestNG.run(TestNG.java:1064)
	at org.apache.maven.surefire.testng.TestNGExecutor.run(TestNGExecutor.java:178)
	at org.apache.maven.surefire.testng.TestNGXmlTestSuite.execute(TestNGXmlTestSuite.java:92)
	at org.apache.maven.surefire.testng.TestNGProvider.invoke(TestNGProvider.java:96)
	at sun.reflect.NativeMethodAccessorImpl.invoke0(Native Method)
	at sun.reflect.NativeMethodAccessorImpl.invoke(NativeMethodAccessorImpl.java:62)
	at sun.reflect.DelegatingMethodAccessorImpl.invoke(DelegatingMethodAccessorImpl.java:43)
	at java.lang.reflect.Method.invoke(Method.java:498)
	at org.apache.maven.surefire.util.ReflectionUtils.invokeMethodWithArray2(ReflectionUtils.java:208)
	at org.apache.maven.surefire.booter.ProviderFactory$ProviderProxy.invoke(ProviderFactory.java:159)
	at org.apache.maven.surefire.booter.ProviderFactory.invokeProvider(ProviderFactory.java:87)
	at org.apache.maven.surefire.booter.ForkedBooter.runSuitesInProcess(ForkedBooter.java:153)
	at org.apache.maven.surefire.booter.ForkedBooter.main(ForkedBooter.java:95)
 expected [false] but found [true]
	at org.testng.Assert.fail(Assert.java:94)
	at org.testng.Assert.failNotEquals(Assert.java:513)
	at org.testng.Assert.assertFalse(Assert.java:63)
	at UIMap.SchedulerPage.ResourceField(SchedulerPage.java:442)
	at Utils.AddScheduleUtils.addVoidAppointmnet(AddScheduleUtils.java:1760)
	at com.bms.M6.Scheduler.TestProvierHomePage.testProviderHomeVoidAppointmnet(TestProvierHomePage.java:388)
	at sun.reflect.NativeMethodAccessorImpl.invoke0(Native Method)
	at sun.reflect.NativeMethodAccessorImpl.invoke(NativeMethodAccessorImpl.java:62)
	at sun.reflect.DelegatingMethodAccessorImpl.invoke(DelegatingMethodAccessorImpl.java:43)
	at java.lang.reflect.Method.invoke(Method.java:498)
	at org.testng.internal.MethodInvocationHelper.invokeMethod(MethodInvocationHelper.java:86)
	at org.testng.internal.Invoker.invokeMethod(Invoker.java:643)
	at org.testng.internal.Invoker.invokeTestMethod(Invoker.java:820)
	at org.testng.internal.Invoker.invokeTestMethods(Invoker.java:1128)
	at org.testng.internal.TestMethodWorker.invokeTestMethods(TestMethodWorker.java:129)
	at org.testng.internal.TestMethodWorker.run(TestMethodWorker.java:112)
	at org.testng.TestRunner.privateRun(TestRunner.java:782)
	at org.testng.TestRunner.run(TestRunner.java:632)
	at org.testng.SuiteRunner.runTest(SuiteRunner.java:366)
	at org.testng.SuiteRunner.runSequentially(SuiteRunner.java:361)
	at org.testng.SuiteRunner.privateRun(SuiteRunner.java:319)
	at org.testng.SuiteRunner.run(SuiteRunner.java:268)
	at org.testng.SuiteRunnerWorker.runSuite(SuiteRunnerWorker.java:52)
	at org.testng.SuiteRunnerWorker.run(SuiteRunnerWorker.java:86)
	at org.testng.TestNG.runSuitesSequentially(TestNG.java:1244)
	at org.testng.TestNG.runSuitesLocally(TestNG.java:1169)
	at org.testng.TestNG.run(TestNG.java:1064)
	at org.apache.maven.surefire.testng.TestNGExecutor.run(TestNGExecutor.java:178)
	at org.apache.maven.surefire.testng.TestNGXmlTestSuite.execute(TestNGXmlTestSuite.java:92)
	at org.apache.maven.surefire.testng.TestNGProvider.invoke(TestNGProvider.java:96)
	at sun.reflect.NativeMethodAccessorImpl.invoke0(Native Method)
	at sun.reflect.NativeMethodAccessorImpl.invoke(NativeMethodAccessorImpl.java:62)
	at sun.reflect.DelegatingMethodAccessorImpl.invoke(DelegatingMethodAccessorImpl.java:43)
	at java.lang.reflect.Method.invoke(Method.java:498)
	at org.apache.maven.surefire.util.ReflectionUtils.invokeMethodWithArray2(ReflectionUtils.java:208)
	at org.apache.maven.surefire.booter.ProviderFactory$ProviderProxy.invoke(ProviderFactory.java:159)
	at org.apache.maven.surefire.booter.ProviderFactory.invokeProvider(ProviderFactory.java:87)
	at org.apache.maven.surefire.booter.ForkedBooter.runSuitesInProcess(ForkedBooter.java:153)
	at org.apache.maven.surefire.booter.ForkedBooter.main(ForkedBooter.java:95)
 expected [false] but found [true]
	at org.testng.Assert.fail(Assert.java:94)
	at org.testng.Assert.failNotEquals(Assert.java:513)
	at org.testng.Assert.assertFalse(Assert.java:63)
	at com.bms.M6.Scheduler.TestProvierHomePage.testProviderHomeVoidAppointmnet(TestProvierHomePage.java:411)
	at sun.reflect.NativeMethodAccessorImpl.invoke0(Native Method)
	at sun.reflect.NativeMethodAccessorImpl.invoke(NativeMethodAccessorImpl.java:62)
	at sun.reflect.DelegatingMethodAccessorImpl.invoke(DelegatingMethodAccessorImpl.java:43)
	at java.lang.reflect.Method.invoke(Method.java:498)
	at org.testng.internal.MethodInvocationHelper.invokeMethod(MethodInvocationHelper.java:86)
	at org.testng.internal.Invoker.invokeMethod(Invoker.java:643)
	at org.testng.internal.Invoker.invokeTestMethod(Invoker.java:820)
	at org.testng.internal.Invoker.invokeTestMethods(Invoker.java:1128)
	at org.testng.internal.TestMethodWorker.invokeTestMethods(TestMethodWorker.java:129)
	at org.testng.internal.TestMethodWorker.run(TestMethodWorker.java:112)
	at org.testng.TestRunner.privateRun(TestRunner.java:782)
	at org.testng.TestRunner.run(TestRunner.java:632)
	at org.testng.SuiteRunner.runTest(SuiteRunner.java:366)
	at org.testng.SuiteRunner.runSequentially(SuiteRunner.java:361)
	at org.testng.SuiteRunner.privateRun(SuiteRunner.java:319)
	at org.testng.SuiteRunner.run(SuiteRunner.java:268)
	at org.testng.SuiteRunnerWorker.runSuite(SuiteRunnerWorker.java:52)
	at org.testng.SuiteRunnerWorker.run(SuiteRunnerWorker.java:86)
	at org.testng.TestNG.runSuitesSequentially(TestNG.java:1244)
	at org.testng.TestNG.runSuitesLocally(TestNG.java:1169)
	at org.testng.TestNG.run(TestNG.java:1064)
	at org.apache.maven.surefire.testng.TestNGExecutor.run(TestNGExecutor.java:178)
	at org.apache.maven.surefire.testng.TestNGXmlTestSuite.execute(TestNGXmlTestSuite.java:92)
	at org.apache.maven.surefire.testng.TestNGProvider.invoke(TestNGProvider.java:96)
	at sun.reflect.NativeMethodAccessorImpl.invoke0(Native Method)
	at sun.reflect.NativeMethodAccessorImpl.invoke(NativeMethodAccessorImpl.java:62)
	at sun.reflect.DelegatingMethodAccessorImpl.invoke(DelegatingMethodAccessorImpl.java:43)
	at java.lang.reflect.Method.invoke(Method.java:498)
	at org.apache.maven.surefire.util.ReflectionUtils.invokeMethodWithArray2(ReflectionUtils.java:208)
	at org.apache.maven.surefire.booter.ProviderFactory$ProviderProxy.invoke(ProviderFactory.java:159)
	at org.apache.maven.surefire.booter.ProviderFactory.invokeProvider(ProviderFactory.java:87)
	at org.apache.maven.surefire.booter.ForkedBooter.runSuitesInProcess(ForkedBooter.java:153)
	at org.apache.maven.surefire.booter.ForkedBooter.main(ForkedBooter.java:95)
]]>
            </full-stacktrace>
          </exception> <!-- java.lang.AssertionError -->
          <reporter-output>
          </reporter-output>
        </test-method> <!-- testProviderHomeVoidAppointmnet -->
        <test-method status="PASS" signature="afterMethod(org.testng.ITestResult)[pri:0, instance:com.bms.M6.Scheduler.TestProvierHomePage@57baeedf]" name="afterMethod" is-config="true" duration-ms="148" started-at="2018-05-10T04:07:27Z" finished-at="2018-05-10T04:07:27Z">
          <params>
            <param index="0">
              <value>
                <![CDATA[[TestResult name=testProviderHomeVoidAppointmnet status=SKIP method=TestProvierHomePage.testProviderHomeVoidAppointmnet()[pri:6, instance:com.bms.M6.Scheduler.TestProvierHomePage@57baeedf] output={null}]]]>
              </value>
            </param>
          </params>
          <reporter-output>
          </reporter-output>
        </test-method> <!-- afterMethod -->
        <test-method status="PASS" signature="setup(java.lang.reflect.Method)[pri:0, instance:com.bms.M6.Scheduler.TestProvierHomePage@57baeedf]" name="setup" is-config="true" duration-ms="18618" started-at="2018-05-10T04:07:27Z" finished-at="2018-05-10T04:07:46Z">
          <params>
            <param index="0">
              <value>
                <![CDATA[public void com.bms.M6.Scheduler.TestProvierHomePage.testProviderHomeVoidAppointmnet()]]>
              </value>
            </param>
          </params>
          <reporter-output>
          </reporter-output>
        </test-method> <!-- setup -->
        <test-method status="FAIL" signature="testProviderHomeVoidAppointmnet()[pri:6, instance:com.bms.M6.Scheduler.TestProvierHomePage@57baeedf]" name="testProviderHomeVoidAppointmnet" duration-ms="56997" started-at="2018-05-10T04:07:46Z" finished-at="2018-05-10T04:08:43Z">
          <exception class="java.lang.AssertionError">
            <message>
              <![CDATA[java.lang.AssertionError: org.openqa.selenium.NoSuchElementException: no such element: Unable to locate element: {"method":"xpath","selector":"//*[@id='resourceCode_listbox']//li[contains(.,'Massage')]"}
  (Session info: chrome=54.0.2840.71)
  (Driver info: chromedriver=2.25.426923 (0390b88869384d6eb0d5d09729679f934aab9eed),platform=Windows NT 6.1.7601 SP1 x86_64) (WARNING: The server did not provide any stacktrace information)
Command duration or timeout: 15 milliseconds
For documentation on this error, please visit: http://seleniumhq.org/exceptions/no_such_element.html
Build info: version: '2.53.1', revision: 'a36b8b1cd5757287168e54b817830adce9b0158d', time: '2016-06-30 19:26:09'
System info: host: 'C40GF55BMS', ip: '10.131.168.50', os.name: 'Windows 7', os.arch: 'amd64', os.version: '6.1', java.version: '1.8.0_91'
Driver info: org.openqa.selenium.chrome.ChromeDriver
Capabilities [{applicationCacheEnabled=false, rotatable=false, mobileEmulationEnabled=false, networkConnectionEnabled=false, chrome={chromedriverVersion=2.25.426923 (0390b88869384d6eb0d5d09729679f934aab9eed), userDataDir=C:\Users\AJAY~1.KUM\AppData\Local\Temp\scoped_dir5464_12388}, takesHeapSnapshot=true, pageLoadStrategy=normal, databaseEnabled=false, handlesAlerts=true, hasTouchScreen=false, version=54.0.2840.71, platform=XP, browserConnectionEnabled=false, nativeEvents=true, acceptSslCerts=true, locationContextEnabled=true, webStorageEnabled=true, browserName=chrome, takesScreenshot=true, javascriptEnabled=true, cssSelectorsEnabled=true}]
Session ID: 532be93099bdd476050de5ba55e3d95a
*** Element info: {Using=xpath, value=//*[@id='resourceCode_listbox']//li[contains(.,'Massage')]}
	at sun.reflect.GeneratedConstructorAccessor10.newInstance(Unknown Source)
	at sun.reflect.DelegatingConstructorAccessorImpl.newInstance(DelegatingConstructorAccessorImpl.java:45)
	at java.lang.reflect.Constructor.newInstance(Constructor.java:423)
	at org.openqa.selenium.remote.ErrorHandler.createThrowable(ErrorHandler.java:206)
	at org.openqa.selenium.remote.ErrorHandler.throwIfResponseFailed(ErrorHandler.java:158)
	at org.openqa.selenium.remote.RemoteWebDriver.execute(RemoteWebDriver.java:678)
	at org.openqa.selenium.remote.RemoteWebDriver.findElement(RemoteWebDriver.java:363)
	at org.openqa.selenium.remote.RemoteWebDriver.findElementByXPath(RemoteWebDriver.java:500)
	at org.openqa.selenium.By$ByXPath.findElement(By.java:361)
	at org.openqa.selenium.remote.RemoteWebDriver.findElement(RemoteWebDriver.java:355)
	at UIMap.SchedulerPage.ResourceField(SchedulerPage.java:438)
	at Utils.AddScheduleUtils.addVoidAppointmnet(AddScheduleUtils.java:1760)
	at com.bms.M6.Scheduler.TestProvierHomePage.testProviderHomeVoidAppointmnet(TestProvierHomePage.java:388)
	at sun.reflect.NativeMethodAccessorImpl.invoke0(Native Method)
	at sun.reflect.NativeMethodAccessorImpl.invoke(NativeMethodAccessorImpl.java:62)
	at sun.reflect.DelegatingMethodAccessorImpl.invoke(DelegatingMethodAccessorImpl.java:43)
	at java.lang.reflect.Method.invoke(Method.java:498)
	at org.testng.internal.MethodInvocationHelper.invokeMethod(MethodInvocationHelper.java:86)
	at org.testng.internal.Invoker.invokeMethod(Invoker.java:643)
	at org.testng.internal.Invoker.retryFailed(Invoker.java:967)
	at org.testng.internal.Invoker.invokeTestMethods(Invoker.java:1146)
	at org.testng.internal.TestMethodWorker.invokeTestMethods(TestMethodWorker.java:129)
	at org.testng.internal.TestMethodWorker.run(TestMethodWorker.java:112)
	at org.testng.TestRunner.privateRun(TestRunner.java:782)
	at org.testng.TestRunner.run(TestRunner.java:632)
	at org.testng.SuiteRunner.runTest(SuiteRunner.java:366)
	at org.testng.SuiteRunner.runSequentially(SuiteRunner.java:361)
	at org.testng.SuiteRunner.privateRun(SuiteRunner.java:319)
	at org.testng.SuiteRunner.run(SuiteRunner.java:268)
	at org.testng.SuiteRunnerWorker.runSuite(SuiteRunnerWorker.java:52)
	at org.testng.SuiteRunnerWorker.run(SuiteRunnerWorker.java:86)
	at org.testng.TestNG.runSuitesSequentially(TestNG.java:1244)
	at org.testng.TestNG.runSuitesLocally(TestNG.java:1169)
	at org.testng.TestNG.run(TestNG.java:1064)
	at org.apache.maven.surefire.testng.TestNGExecutor.run(TestNGExecutor.java:178)
	at org.apache.maven.surefire.testng.TestNGXmlTestSuite.execute(TestNGXmlTestSuite.java:92)
	at org.apache.maven.surefire.testng.TestNGProvider.invoke(TestNGProvider.java:96)
	at sun.reflect.NativeMethodAccessorImpl.invoke0(Native Method)
	at sun.reflect.NativeMethodAccessorImpl.invoke(NativeMethodAccessorImpl.java:62)
	at sun.reflect.DelegatingMethodAccessorImpl.invoke(DelegatingMethodAccessorImpl.java:43)
	at java.lang.reflect.Method.invoke(Method.java:498)
	at org.apache.maven.surefire.util.ReflectionUtils.invokeMethodWithArray2(ReflectionUtils.java:208)
	at org.apache.maven.surefire.booter.ProviderFactory$ProviderProxy.invoke(ProviderFactory.java:159)
	at org.apache.maven.surefire.booter.ProviderFactory.invokeProvider(ProviderFactory.java:87)
	at org.apache.maven.surefire.booter.ForkedBooter.runSuitesInProcess(ForkedBooter.java:153)
	at org.apache.maven.surefire.booter.ForkedBooter.main(ForkedBooter.java:95)
 expected [false] but found [true]
	at org.testng.Assert.fail(Assert.java:94)
	at org.testng.Assert.failNotEquals(Assert.java:513)
	at org.testng.Assert.assertFalse(Assert.java:63)
	at UIMap.SchedulerPage.ResourceField(SchedulerPage.java:442)
	at Utils.AddScheduleUtils.addVoidAppointmnet(AddScheduleUtils.java:1760)
	at com.bms.M6.Scheduler.TestProvierHomePage.testProviderHomeVoidAppointmnet(TestProvierHomePage.java:388)
	at sun.reflect.NativeMethodAccessorImpl.invoke0(Native Method)
	at sun.reflect.NativeMethodAccessorImpl.invoke(NativeMethodAccessorImpl.java:62)
	at sun.reflect.DelegatingMethodAccessorImpl.invoke(DelegatingMethodAccessorImpl.java:43)
	at java.lang.reflect.Method.invoke(Method.java:498)
	at org.testng.internal.MethodInvocationHelper.invokeMethod(MethodInvocationHelper.java:86)
	at org.testng.internal.Invoker.invokeMethod(Invoker.java:643)
	at org.testng.internal.Invoker.retryFailed(Invoker.java:967)
	at org.testng.internal.Invoker.invokeTestMethods(Invoker.java:1146)
	at org.testng.internal.TestMethodWorker.invokeTestMethods(TestMethodWorker.java:129)
	at org.testng.internal.TestMethodWorker.run(TestMethodWorker.java:112)
	at org.testng.TestRunner.privateRun(TestRunner.java:782)
	at org.testng.TestRunner.run(TestRunner.java:632)
	at org.testng.SuiteRunner.runTest(SuiteRunner.java:366)
	at org.testng.SuiteRunner.runSequentially(SuiteRunner.java:361)
	at org.testng.SuiteRunner.privateRun(SuiteRunner.java:319)
	at org.testng.SuiteRunner.run(SuiteRunner.java:268)
	at org.testng.SuiteRunnerWorker.runSuite(SuiteRunnerWorker.java:52)
	at org.testng.SuiteRunnerWorker.run(SuiteRunnerWorker.java:86)
	at org.testng.TestNG.runSuitesSequentially(TestNG.java:1244)
	at org.testng.TestNG.runSuitesLocally(TestNG.java:1169)
	at org.testng.TestNG.run(TestNG.java:1064)
	at org.apache.maven.surefire.testng.TestNGExecutor.run(TestNGExecutor.java:178)
	at org.apache.maven.surefire.testng.TestNGXmlTestSuite.execute(TestNGXmlTestSuite.java:92)
	at org.apache.maven.surefire.testng.TestNGProvider.invoke(TestNGProvider.java:96)
	at sun.reflect.NativeMethodAccessorImpl.invoke0(Native Method)
	at sun.reflect.NativeMethodAccessorImpl.invoke(NativeMethodAccessorImpl.java:62)
	at sun.reflect.DelegatingMethodAccessorImpl.invoke(DelegatingMethodAccessorImpl.java:43)
	at java.lang.reflect.Method.invoke(Method.java:498)
	at org.apache.maven.surefire.util.ReflectionUtils.invokeMethodWithArray2(ReflectionUtils.java:208)
	at org.apache.maven.surefire.booter.ProviderFactory$ProviderProxy.invoke(ProviderFactory.java:159)
	at org.apache.maven.surefire.booter.ProviderFactory.invokeProvider(ProviderFactory.java:87)
	at org.apache.maven.surefire.booter.ForkedBooter.runSuitesInProcess(ForkedBooter.java:153)
	at org.apache.maven.surefire.booter.ForkedBooter.main(ForkedBooter.java:95)
 expected [false] but found [true]]]>
            </message>
            <full-stacktrace>
              <![CDATA[java.lang.AssertionError: java.lang.AssertionError: org.openqa.selenium.NoSuchElementException: no such element: Unable to locate element: {"method":"xpath","selector":"//*[@id='resourceCode_listbox']//li[contains(.,'Massage')]"}
  (Session info: chrome=54.0.2840.71)
  (Driver info: chromedriver=2.25.426923 (0390b88869384d6eb0d5d09729679f934aab9eed),platform=Windows NT 6.1.7601 SP1 x86_64) (WARNING: The server did not provide any stacktrace information)
Command duration or timeout: 15 milliseconds
For documentation on this error, please visit: http://seleniumhq.org/exceptions/no_such_element.html
Build info: version: '2.53.1', revision: 'a36b8b1cd5757287168e54b817830adce9b0158d', time: '2016-06-30 19:26:09'
System info: host: 'C40GF55BMS', ip: '10.131.168.50', os.name: 'Windows 7', os.arch: 'amd64', os.version: '6.1', java.version: '1.8.0_91'
Driver info: org.openqa.selenium.chrome.ChromeDriver
Capabilities [{applicationCacheEnabled=false, rotatable=false, mobileEmulationEnabled=false, networkConnectionEnabled=false, chrome={chromedriverVersion=2.25.426923 (0390b88869384d6eb0d5d09729679f934aab9eed), userDataDir=C:\Users\AJAY~1.KUM\AppData\Local\Temp\scoped_dir5464_12388}, takesHeapSnapshot=true, pageLoadStrategy=normal, databaseEnabled=false, handlesAlerts=true, hasTouchScreen=false, version=54.0.2840.71, platform=XP, browserConnectionEnabled=false, nativeEvents=true, acceptSslCerts=true, locationContextEnabled=true, webStorageEnabled=true, browserName=chrome, takesScreenshot=true, javascriptEnabled=true, cssSelectorsEnabled=true}]
Session ID: 532be93099bdd476050de5ba55e3d95a
*** Element info: {Using=xpath, value=//*[@id='resourceCode_listbox']//li[contains(.,'Massage')]}
	at sun.reflect.GeneratedConstructorAccessor10.newInstance(Unknown Source)
	at sun.reflect.DelegatingConstructorAccessorImpl.newInstance(DelegatingConstructorAccessorImpl.java:45)
	at java.lang.reflect.Constructor.newInstance(Constructor.java:423)
	at org.openqa.selenium.remote.ErrorHandler.createThrowable(ErrorHandler.java:206)
	at org.openqa.selenium.remote.ErrorHandler.throwIfResponseFailed(ErrorHandler.java:158)
	at org.openqa.selenium.remote.RemoteWebDriver.execute(RemoteWebDriver.java:678)
	at org.openqa.selenium.remote.RemoteWebDriver.findElement(RemoteWebDriver.java:363)
	at org.openqa.selenium.remote.RemoteWebDriver.findElementByXPath(RemoteWebDriver.java:500)
	at org.openqa.selenium.By$ByXPath.findElement(By.java:361)
	at org.openqa.selenium.remote.RemoteWebDriver.findElement(RemoteWebDriver.java:355)
	at UIMap.SchedulerPage.ResourceField(SchedulerPage.java:438)
	at Utils.AddScheduleUtils.addVoidAppointmnet(AddScheduleUtils.java:1760)
	at com.bms.M6.Scheduler.TestProvierHomePage.testProviderHomeVoidAppointmnet(TestProvierHomePage.java:388)
	at sun.reflect.NativeMethodAccessorImpl.invoke0(Native Method)
	at sun.reflect.NativeMethodAccessorImpl.invoke(NativeMethodAccessorImpl.java:62)
	at sun.reflect.DelegatingMethodAccessorImpl.invoke(DelegatingMethodAccessorImpl.java:43)
	at java.lang.reflect.Method.invoke(Method.java:498)
	at org.testng.internal.MethodInvocationHelper.invokeMethod(MethodInvocationHelper.java:86)
	at org.testng.internal.Invoker.invokeMethod(Invoker.java:643)
	at org.testng.internal.Invoker.retryFailed(Invoker.java:967)
	at org.testng.internal.Invoker.invokeTestMethods(Invoker.java:1146)
	at org.testng.internal.TestMethodWorker.invokeTestMethods(TestMethodWorker.java:129)
	at org.testng.internal.TestMethodWorker.run(TestMethodWorker.java:112)
	at org.testng.TestRunner.privateRun(TestRunner.java:782)
	at org.testng.TestRunner.run(TestRunner.java:632)
	at org.testng.SuiteRunner.runTest(SuiteRunner.java:366)
	at org.testng.SuiteRunner.runSequentially(SuiteRunner.java:361)
	at org.testng.SuiteRunner.privateRun(SuiteRunner.java:319)
	at org.testng.SuiteRunner.run(SuiteRunner.java:268)
	at org.testng.SuiteRunnerWorker.runSuite(SuiteRunnerWorker.java:52)
	at org.testng.SuiteRunnerWorker.run(SuiteRunnerWorker.java:86)
	at org.testng.TestNG.runSuitesSequentially(TestNG.java:1244)
	at org.testng.TestNG.runSuitesLocally(TestNG.java:1169)
	at org.testng.TestNG.run(TestNG.java:1064)
	at org.apache.maven.surefire.testng.TestNGExecutor.run(TestNGExecutor.java:178)
	at org.apache.maven.surefire.testng.TestNGXmlTestSuite.execute(TestNGXmlTestSuite.java:92)
	at org.apache.maven.surefire.testng.TestNGProvider.invoke(TestNGProvider.java:96)
	at sun.reflect.NativeMethodAccessorImpl.invoke0(Native Method)
	at sun.reflect.NativeMethodAccessorImpl.invoke(NativeMethodAccessorImpl.java:62)
	at sun.reflect.DelegatingMethodAccessorImpl.invoke(DelegatingMethodAccessorImpl.java:43)
	at java.lang.reflect.Method.invoke(Method.java:498)
	at org.apache.maven.surefire.util.ReflectionUtils.invokeMethodWithArray2(ReflectionUtils.java:208)
	at org.apache.maven.surefire.booter.ProviderFactory$ProviderProxy.invoke(ProviderFactory.java:159)
	at org.apache.maven.surefire.booter.ProviderFactory.invokeProvider(ProviderFactory.java:87)
	at org.apache.maven.surefire.booter.ForkedBooter.runSuitesInProcess(ForkedBooter.java:153)
	at org.apache.maven.surefire.booter.ForkedBooter.main(ForkedBooter.java:95)
 expected [false] but found [true]
	at org.testng.Assert.fail(Assert.java:94)
	at org.testng.Assert.failNotEquals(Assert.java:513)
	at org.testng.Assert.assertFalse(Assert.java:63)
	at UIMap.SchedulerPage.ResourceField(SchedulerPage.java:442)
	at Utils.AddScheduleUtils.addVoidAppointmnet(AddScheduleUtils.java:1760)
	at com.bms.M6.Scheduler.TestProvierHomePage.testProviderHomeVoidAppointmnet(TestProvierHomePage.java:388)
	at sun.reflect.NativeMethodAccessorImpl.invoke0(Native Method)
	at sun.reflect.NativeMethodAccessorImpl.invoke(NativeMethodAccessorImpl.java:62)
	at sun.reflect.DelegatingMethodAccessorImpl.invoke(DelegatingMethodAccessorImpl.java:43)
	at java.lang.reflect.Method.invoke(Method.java:498)
	at org.testng.internal.MethodInvocationHelper.invokeMethod(MethodInvocationHelper.java:86)
	at org.testng.internal.Invoker.invokeMethod(Invoker.java:643)
	at org.testng.internal.Invoker.retryFailed(Invoker.java:967)
	at org.testng.internal.Invoker.invokeTestMethods(Invoker.java:1146)
	at org.testng.internal.TestMethodWorker.invokeTestMethods(TestMethodWorker.java:129)
	at org.testng.internal.TestMethodWorker.run(TestMethodWorker.java:112)
	at org.testng.TestRunner.privateRun(TestRunner.java:782)
	at org.testng.TestRunner.run(TestRunner.java:632)
	at org.testng.SuiteRunner.runTest(SuiteRunner.java:366)
	at org.testng.SuiteRunner.runSequentially(SuiteRunner.java:361)
	at org.testng.SuiteRunner.privateRun(SuiteRunner.java:319)
	at org.testng.SuiteRunner.run(SuiteRunner.java:268)
	at org.testng.SuiteRunnerWorker.runSuite(SuiteRunnerWorker.java:52)
	at org.testng.SuiteRunnerWorker.run(SuiteRunnerWorker.java:86)
	at org.testng.TestNG.runSuitesSequentially(TestNG.java:1244)
	at org.testng.TestNG.runSuitesLocally(TestNG.java:1169)
	at org.testng.TestNG.run(TestNG.java:1064)
	at org.apache.maven.surefire.testng.TestNGExecutor.run(TestNGExecutor.java:178)
	at org.apache.maven.surefire.testng.TestNGXmlTestSuite.execute(TestNGXmlTestSuite.java:92)
	at org.apache.maven.surefire.testng.TestNGProvider.invoke(TestNGProvider.java:96)
	at sun.reflect.NativeMethodAccessorImpl.invoke0(Native Method)
	at sun.reflect.NativeMethodAccessorImpl.invoke(NativeMethodAccessorImpl.java:62)
	at sun.reflect.DelegatingMethodAccessorImpl.invoke(DelegatingMethodAccessorImpl.java:43)
	at java.lang.reflect.Method.invoke(Method.java:498)
	at org.apache.maven.surefire.util.ReflectionUtils.invokeMethodWithArray2(ReflectionUtils.java:208)
	at org.apache.maven.surefire.booter.ProviderFactory$ProviderProxy.invoke(ProviderFactory.java:159)
	at org.apache.maven.surefire.booter.ProviderFactory.invokeProvider(ProviderFactory.java:87)
	at org.apache.maven.surefire.booter.ForkedBooter.runSuitesInProcess(ForkedBooter.java:153)
	at org.apache.maven.surefire.booter.ForkedBooter.main(ForkedBooter.java:95)
 expected [false] but found [true]
	at org.testng.Assert.fail(Assert.java:94)
	at org.testng.Assert.failNotEquals(Assert.java:513)
	at org.testng.Assert.assertFalse(Assert.java:63)
	at com.bms.M6.Scheduler.TestProvierHomePage.testProviderHomeVoidAppointmnet(TestProvierHomePage.java:411)
	at sun.reflect.NativeMethodAccessorImpl.invoke0(Native Method)
	at sun.reflect.NativeMethodAccessorImpl.invoke(NativeMethodAccessorImpl.java:62)
	at sun.reflect.DelegatingMethodAccessorImpl.invoke(DelegatingMethodAccessorImpl.java:43)
	at java.lang.reflect.Method.invoke(Method.java:498)
	at org.testng.internal.MethodInvocationHelper.invokeMethod(MethodInvocationHelper.java:86)
	at org.testng.internal.Invoker.invokeMethod(Invoker.java:643)
	at org.testng.internal.Invoker.retryFailed(Invoker.java:967)
	at org.testng.internal.Invoker.invokeTestMethods(Invoker.java:1146)
	at org.testng.internal.TestMethodWorker.invokeTestMethods(TestMethodWorker.java:129)
	at org.testng.internal.TestMethodWorker.run(TestMethodWorker.java:112)
	at org.testng.TestRunner.privateRun(TestRunner.java:782)
	at org.testng.TestRunner.run(TestRunner.java:632)
	at org.testng.SuiteRunner.runTest(SuiteRunner.java:366)
	at org.testng.SuiteRunner.runSequentially(SuiteRunner.java:361)
	at org.testng.SuiteRunner.privateRun(SuiteRunner.java:319)
	at org.testng.SuiteRunner.run(SuiteRunner.java:268)
	at org.testng.SuiteRunnerWorker.runSuite(SuiteRunnerWorker.java:52)
	at org.testng.SuiteRunnerWorker.run(SuiteRunnerWorker.java:86)
	at org.testng.TestNG.runSuitesSequentially(TestNG.java:1244)
	at org.testng.TestNG.runSuitesLocally(TestNG.java:1169)
	at org.testng.TestNG.run(TestNG.java:1064)
	at org.apache.maven.surefire.testng.TestNGExecutor.run(TestNGExecutor.java:178)
	at org.apache.maven.surefire.testng.TestNGXmlTestSuite.execute(TestNGXmlTestSuite.java:92)
	at org.apache.maven.surefire.testng.TestNGProvider.invoke(TestNGProvider.java:96)
	at sun.reflect.NativeMethodAccessorImpl.invoke0(Native Method)
	at sun.reflect.NativeMethodAccessorImpl.invoke(NativeMethodAccessorImpl.java:62)
	at sun.reflect.DelegatingMethodAccessorImpl.invoke(DelegatingMethodAccessorImpl.java:43)
	at java.lang.reflect.Method.invoke(Method.java:498)
	at org.apache.maven.surefire.util.ReflectionUtils.invokeMethodWithArray2(ReflectionUtils.java:208)
	at org.apache.maven.surefire.booter.ProviderFactory$ProviderProxy.invoke(ProviderFactory.java:159)
	at org.apache.maven.surefire.booter.ProviderFactory.invokeProvider(ProviderFactory.java:87)
	at org.apache.maven.surefire.booter.ForkedBooter.runSuitesInProcess(ForkedBooter.java:153)
	at org.apache.maven.surefire.booter.ForkedBooter.main(ForkedBooter.java:95)
]]>
            </full-stacktrace>
          </exception> <!-- java.lang.AssertionError -->
          <reporter-output>
          </reporter-output>
        </test-method> <!-- testProviderHomeVoidAppointmnet -->
        <test-method status="PASS" signature="afterMethod(org.testng.ITestResult)[pri:0, instance:com.bms.M6.Scheduler.TestProvierHomePage@57baeedf]" name="afterMethod" is-config="true" duration-ms="172" started-at="2018-05-10T04:08:43Z" finished-at="2018-05-10T04:08:43Z">
          <params>
            <param index="0">
              <value>
                <![CDATA[[TestResult name=testProviderHomeVoidAppointmnet status=FAILURE method=TestProvierHomePage.testProviderHomeVoidAppointmnet()[pri:6, instance:com.bms.M6.Scheduler.TestProvierHomePage@57baeedf] output={null}]]]>
              </value>
            </param>
          </params>
          <reporter-output>
          </reporter-output>
        </test-method> <!-- afterMethod -->
        <test-method status="PASS" signature="setup(java.lang.reflect.Method)[pri:0, instance:com.bms.M6.Scheduler.TestProvierHomePage@57baeedf]" name="setup" is-config="true" duration-ms="19148" started-at="2018-05-10T04:08:43Z" finished-at="2018-05-10T04:09:02Z">
          <params>
            <param index="0">
              <value>
                <![CDATA[public void com.bms.M6.Scheduler.TestProvierHomePage.testProviderHomeArrivedAppointmnet()]]>
              </value>
            </param>
          </params>
          <reporter-output>
          </reporter-output>
        </test-method> <!-- setup -->
        <test-method status="PASS" signature="testProviderHomeArrivedAppointmnet()[pri:7, instance:com.bms.M6.Scheduler.TestProvierHomePage@57baeedf]" name="testProviderHomeArrivedAppointmnet" duration-ms="77277" started-at="2018-05-10T04:09:02Z" finished-at="2018-05-10T04:10:20Z">
          <reporter-output>
          </reporter-output>
        </test-method> <!-- testProviderHomeArrivedAppointmnet -->
        <test-method status="PASS" signature="afterMethod(org.testng.ITestResult)[pri:0, instance:com.bms.M6.Scheduler.TestProvierHomePage@57baeedf]" name="afterMethod" is-config="true" duration-ms="195" started-at="2018-05-10T04:10:20Z" finished-at="2018-05-10T04:10:20Z">
          <params>
            <param index="0">
              <value>
                <![CDATA[[TestResult name=testProviderHomeArrivedAppointmnet status=SUCCESS method=TestProvierHomePage.testProviderHomeArrivedAppointmnet()[pri:7, instance:com.bms.M6.Scheduler.TestProvierHomePage@57baeedf] output={null}]]]>
              </value>
            </param>
          </params>
          <reporter-output>
          </reporter-output>
        </test-method> <!-- afterMethod -->
        <test-method status="PASS" signature="setup(java.lang.reflect.Method)[pri:0, instance:com.bms.M6.Scheduler.TestProvierHomePage@57baeedf]" name="setup" is-config="true" duration-ms="23448" started-at="2018-05-10T04:10:20Z" finished-at="2018-05-10T04:10:43Z">
          <params>
            <param index="0">
              <value>
                <![CDATA[public void com.bms.M6.Scheduler.TestProvierHomePage.testProviderHomeScheduleAppointmnet()]]>
              </value>
            </param>
          </params>
          <reporter-output>
          </reporter-output>
        </test-method> <!-- setup -->
        <test-method status="PASS" signature="testProviderHomeScheduleAppointmnet()[pri:8, instance:com.bms.M6.Scheduler.TestProvierHomePage@57baeedf]" name="testProviderHomeScheduleAppointmnet" duration-ms="70198" started-at="2018-05-10T04:10:43Z" finished-at="2018-05-10T04:11:54Z">
          <reporter-output>
          </reporter-output>
        </test-method> <!-- testProviderHomeScheduleAppointmnet -->
        <test-method status="PASS" signature="afterMethod(org.testng.ITestResult)[pri:0, instance:com.bms.M6.Scheduler.TestProvierHomePage@57baeedf]" name="afterMethod" is-config="true" duration-ms="178" started-at="2018-05-10T04:11:54Z" finished-at="2018-05-10T04:11:54Z">
          <params>
            <param index="0">
              <value>
                <![CDATA[[TestResult name=testProviderHomeScheduleAppointmnet status=SUCCESS method=TestProvierHomePage.testProviderHomeScheduleAppointmnet()[pri:8, instance:com.bms.M6.Scheduler.TestProvierHomePage@57baeedf] output={null}]]]>
              </value>
            </param>
          </params>
          <reporter-output>
          </reporter-output>
        </test-method> <!-- afterMethod -->
        <test-method status="PASS" signature="setup(java.lang.reflect.Method)[pri:0, instance:com.bms.M6.Scheduler.TestProvierHomePage@57baeedf]" name="setup" is-config="true" duration-ms="16410" started-at="2018-05-10T04:11:54Z" finished-at="2018-05-10T04:12:10Z">
          <params>
            <param index="0">
              <value>
                <![CDATA[public void com.bms.M6.Scheduler.TestProvierHomePage.testProviderhomepagedisplayasBMSuserforcompanythatisNOTsetasdefault()]]>
              </value>
            </param>
          </params>
          <reporter-output>
          </reporter-output>
        </test-method> <!-- setup -->
        <test-method status="PASS" signature="testProviderhomepagedisplayasBMSuserforcompanythatisNOTsetasdefault()[pri:9, instance:com.bms.M6.Scheduler.TestProvierHomePage@57baeedf]" name="testProviderhomepagedisplayasBMSuserforcompanythatisNOTsetasdefault" duration-ms="159067" started-at="2018-05-10T04:12:10Z" finished-at="2018-05-10T04:14:49Z">
          <reporter-output>
          </reporter-output>
        </test-method> <!-- testProviderhomepagedisplayasBMSuserforcompanythatisNOTsetasdefault -->
        <test-method status="PASS" signature="afterMethod(org.testng.ITestResult)[pri:0, instance:com.bms.M6.Scheduler.TestProvierHomePage@57baeedf]" name="afterMethod" is-config="true" duration-ms="249" started-at="2018-05-10T04:14:49Z" finished-at="2018-05-10T04:14:49Z">
          <params>
            <param index="0">
              <value>
                <![CDATA[[TestResult name=testProviderhomepagedisplayasBMSuserforcompanythatisNOTsetasdefault status=SUCCESS method=TestProvierHomePage.testProviderhomepagedisplayasBMSuserforcompanythatisNOTsetasdefault()[pri:9, instance:com.bms.M6.Scheduler.TestProvierHomePage@57baeedf] output={null}]]]>
              </value>
            </param>
          </params>
          <reporter-output>
          </reporter-output>
        </test-method> <!-- afterMethod -->
        <test-method status="PASS" signature="setup(java.lang.reflect.Method)[pri:0, instance:com.bms.M6.Scheduler.TestProvierHomePage@57baeedf]" name="setup" is-config="true" duration-ms="16513" started-at="2018-05-10T04:14:49Z" finished-at="2018-05-10T04:15:06Z">
          <params>
            <param index="0">
              <value>
                <![CDATA[public void com.bms.M6.Scheduler.TestProvierHomePage.testProviderHomePageAuthorizedVisitsRemainingvalidation()]]>
              </value>
            </param>
          </params>
          <reporter-output>
          </reporter-output>
        </test-method> <!-- setup -->
        <test-method status="PASS" signature="testProviderHomePageAuthorizedVisitsRemainingvalidation()[pri:10, instance:com.bms.M6.Scheduler.TestProvierHomePage@57baeedf]" name="testProviderHomePageAuthorizedVisitsRemainingvalidation" duration-ms="254225" started-at="2018-05-10T04:15:06Z" finished-at="2018-05-10T04:19:20Z">
          <reporter-output>
          </reporter-output>
        </test-method> <!-- testProviderHomePageAuthorizedVisitsRemainingvalidation -->
        <test-method status="PASS" signature="afterMethod(org.testng.ITestResult)[pri:0, instance:com.bms.M6.Scheduler.TestProvierHomePage@57baeedf]" name="afterMethod" is-config="true" duration-ms="179" started-at="2018-05-10T04:19:20Z" finished-at="2018-05-10T04:19:20Z">
          <params>
            <param index="0">
              <value>
                <![CDATA[[TestResult name=testProviderHomePageAuthorizedVisitsRemainingvalidation status=SUCCESS method=TestProvierHomePage.testProviderHomePageAuthorizedVisitsRemainingvalidation()[pri:10, instance:com.bms.M6.Scheduler.TestProvierHomePage@57baeedf] output={null}]]]>
              </value>
            </param>
          </params>
          <reporter-output>
          </reporter-output>
        </test-method> <!-- afterMethod -->
        <test-method status="PASS" signature="setup(java.lang.reflect.Method)[pri:0, instance:com.bms.M6.Scheduler.TestProvierHomePage@57baeedf]" name="setup" is-config="true" duration-ms="18632" started-at="2018-05-10T04:19:20Z" finished-at="2018-05-10T04:19:39Z">
          <params>
            <param index="0">
              <value>
                <![CDATA[public void com.bms.M6.Scheduler.TestProvierHomePage.testrescheduledcreatenoteoption()]]>
              </value>
            </param>
          </params>
          <reporter-output>
          </reporter-output>
        </test-method> <!-- setup -->
        <test-method status="PASS" signature="testrescheduledcreatenoteoption()[pri:11, instance:com.bms.M6.Scheduler.TestProvierHomePage@57baeedf]" name="testrescheduledcreatenoteoption" duration-ms="93368" started-at="2018-05-10T04:19:39Z" finished-at="2018-05-10T04:21:12Z">
          <reporter-output>
          </reporter-output>
        </test-method> <!-- testrescheduledcreatenoteoption -->
        <test-method status="PASS" signature="afterMethod(org.testng.ITestResult)[pri:0, instance:com.bms.M6.Scheduler.TestProvierHomePage@57baeedf]" name="afterMethod" is-config="true" duration-ms="200" started-at="2018-05-10T04:21:12Z" finished-at="2018-05-10T04:21:13Z">
          <params>
            <param index="0">
              <value>
                <![CDATA[[TestResult name=testrescheduledcreatenoteoption status=SUCCESS method=TestProvierHomePage.testrescheduledcreatenoteoption()[pri:11, instance:com.bms.M6.Scheduler.TestProvierHomePage@57baeedf] output={null}]]]>
              </value>
            </param>
          </params>
          <reporter-output>
          </reporter-output>
        </test-method> <!-- afterMethod -->
        <test-method status="PASS" signature="closedrivers()[pri:0, instance:com.bms.M6.Scheduler.TestProvierHomePage@57baeedf]" name="closedrivers" is-config="true" duration-ms="5199" started-at="2018-05-10T04:21:13Z" finished-at="2018-05-10T04:21:18Z">
          <reporter-output>
          </reporter-output>
        </test-method> <!-- closedrivers -->
      </class> <!-- com.bms.M6.Scheduler.TestProvierHomePage -->
      <class name="com.bms.M9.AddCharges.TestValidateErrorMessageAddCharges">
        <test-method status="SKIP" signature="afterMethod(org.testng.ITestResult)[pri:0, instance:com.bms.M9.AddCharges.TestValidateErrorMessageAddCharges@1ce92674]" name="afterMethod" is-config="true" duration-ms="0" started-at="2018-05-10T09:45:16Z" finished-at="2018-05-10T09:45:16Z">
          <reporter-output>
          </reporter-output>
        </test-method> <!-- afterMethod -->
        <test-method status="SKIP" signature="setup(java.lang.reflect.Method)[pri:0, instance:com.bms.M9.AddCharges.TestValidateErrorMessageAddCharges@1ce92674]" name="setup" is-config="true" duration-ms="0" started-at="2018-05-10T09:45:16Z" finished-at="2018-05-10T09:45:16Z">
          <reporter-output>
          </reporter-output>
        </test-method> <!-- setup -->
        <test-method status="SKIP" signature="setup()[pri:0, instance:com.bms.M9.AddCharges.TestValidateErrorMessageAddCharges@1ce92674]" name="setup" is-config="true" duration-ms="0" started-at="2018-05-10T09:45:16Z" finished-at="2018-05-10T09:45:16Z">
          <reporter-output>
          </reporter-output>
        </test-method> <!-- setup -->
        <test-method status="SKIP" signature="ValidateMandatoryFieldsAddCharges()[pri:1, instance:com.bms.M9.AddCharges.TestValidateErrorMessageAddCharges@1ce92674]" name="ValidateMandatoryFieldsAddCharges" duration-ms="0" started-at="2018-05-10T09:45:16Z" finished-at="2018-05-10T09:45:16Z">
          <reporter-output>
          </reporter-output>
        </test-method> <!-- ValidateMandatoryFieldsAddCharges -->
        <test-method status="SKIP" signature="closedrivers()[pri:0, instance:com.bms.M9.AddCharges.TestValidateErrorMessageAddCharges@1ce92674]" name="closedrivers" is-config="true" duration-ms="0" started-at="2018-05-10T09:45:16Z" finished-at="2018-05-10T09:45:16Z">
          <reporter-output>
          </reporter-output>
        </test-method> <!-- closedrivers -->
      </class> <!-- com.bms.M9.AddCharges.TestValidateErrorMessageAddCharges -->
      <class name="com.bms.M15.ArrivalAlert.TestDifferentTypeOfAppointmentsOnPracticeView">
        <test-method status="SKIP" signature="setup()[pri:0, instance:com.bms.M15.ArrivalAlert.TestDifferentTypeOfAppointmentsOnPracticeView@2ac273d3]" name="setup" is-config="true" duration-ms="0" started-at="2018-05-10T09:45:16Z" finished-at="2018-05-10T09:45:16Z">
          <reporter-output>
          </reporter-output>
        </test-method> <!-- setup -->
        <test-method status="SKIP" signature="afterMethod(org.testng.ITestResult)[pri:0, instance:com.bms.M15.ArrivalAlert.TestDifferentTypeOfAppointmentsOnPracticeView@2ac273d3]" name="afterMethod" is-config="true" duration-ms="0" started-at="2018-05-10T09:45:16Z" finished-at="2018-05-10T09:45:16Z">
          <reporter-output>
          </reporter-output>
        </test-method> <!-- afterMethod -->
        <test-method status="SKIP" signature="setup(java.lang.reflect.Method)[pri:0, instance:com.bms.M15.ArrivalAlert.TestDifferentTypeOfAppointmentsOnPracticeView@2ac273d3]" name="setup" is-config="true" duration-ms="0" started-at="2018-05-10T09:45:16Z" finished-at="2018-05-10T09:45:16Z">
          <reporter-output>
          </reporter-output>
        </test-method> <!-- setup -->
        <test-method status="SKIP" signature="setup(java.lang.reflect.Method)[pri:0, instance:com.bms.M15.ArrivalAlert.TestDifferentTypeOfAppointmentsOnPracticeView@2ac273d3]" name="setup" is-config="true" duration-ms="0" started-at="2018-05-10T09:45:16Z" finished-at="2018-05-10T09:45:16Z">
          <reporter-output>
          </reporter-output>
        </test-method> <!-- setup -->
        <test-method status="SKIP" signature="TestCancelationOnPracticeView()[pri:1, instance:com.bms.M15.ArrivalAlert.TestDifferentTypeOfAppointmentsOnPracticeView@2ac273d3]" name="TestCancelationOnPracticeView" duration-ms="0" started-at="2018-05-10T09:45:16Z" finished-at="2018-05-10T09:45:16Z">
          <reporter-output>
          </reporter-output>
        </test-method> <!-- TestCancelationOnPracticeView -->
        <test-method status="SKIP" signature="afterMethod(org.testng.ITestResult)[pri:0, instance:com.bms.M15.ArrivalAlert.TestDifferentTypeOfAppointmentsOnPracticeView@2ac273d3]" name="afterMethod" is-config="true" duration-ms="0" started-at="2018-05-10T09:45:16Z" finished-at="2018-05-10T09:45:16Z">
          <reporter-output>
          </reporter-output>
        </test-method> <!-- afterMethod -->
        <test-method status="SKIP" signature="TestNoShowOnPracticeView()[pri:2, instance:com.bms.M15.ArrivalAlert.TestDifferentTypeOfAppointmentsOnPracticeView@2ac273d3]" name="TestNoShowOnPracticeView" duration-ms="0" started-at="2018-05-10T09:45:16Z" finished-at="2018-05-10T09:45:16Z">
          <reporter-output>
          </reporter-output>
        </test-method> <!-- TestNoShowOnPracticeView -->
        <test-method status="SKIP" signature="TestGroupAppointmnetOnPracticeView()[pri:3, instance:com.bms.M15.ArrivalAlert.TestDifferentTypeOfAppointmentsOnPracticeView@2ac273d3]" name="TestGroupAppointmnetOnPracticeView" duration-ms="0" started-at="2018-05-10T09:45:16Z" finished-at="2018-05-10T09:45:16Z">
          <reporter-output>
          </reporter-output>
        </test-method> <!-- TestGroupAppointmnetOnPracticeView -->
        <test-method status="SKIP" signature="TestArrivalAppointmnetOnPracticeView()[pri:4, instance:com.bms.M15.ArrivalAlert.TestDifferentTypeOfAppointmentsOnPracticeView@2ac273d3]" name="TestArrivalAppointmnetOnPracticeView" duration-ms="0" started-at="2018-05-10T09:45:16Z" finished-at="2018-05-10T09:45:16Z">
          <reporter-output>
          </reporter-output>
        </test-method> <!-- TestArrivalAppointmnetOnPracticeView -->
        <test-method status="SKIP" signature="afterMethod(org.testng.ITestResult)[pri:0, instance:com.bms.M15.ArrivalAlert.TestDifferentTypeOfAppointmentsOnPracticeView@2ac273d3]" name="afterMethod" is-config="true" duration-ms="0" started-at="2018-05-10T09:45:16Z" finished-at="2018-05-10T09:45:16Z">
          <reporter-output>
          </reporter-output>
        </test-method> <!-- afterMethod -->
        <test-method status="SKIP" signature="closedrivers()[pri:0, instance:com.bms.M15.ArrivalAlert.TestDifferentTypeOfAppointmentsOnPracticeView@2ac273d3]" name="closedrivers" is-config="true" duration-ms="0" started-at="2018-05-10T09:45:16Z" finished-at="2018-05-10T09:45:16Z">
          <reporter-output>
          </reporter-output>
        </test-method> <!-- closedrivers -->
        <test-method status="SKIP" signature="setup(java.lang.reflect.Method)[pri:0, instance:com.bms.M15.ArrivalAlert.TestDifferentTypeOfAppointmentsOnPracticeView@2ac273d3]" name="setup" is-config="true" duration-ms="0" started-at="2018-05-10T09:45:16Z" finished-at="2018-05-10T09:45:16Z">
          <reporter-output>
          </reporter-output>
        </test-method> <!-- setup -->
        <test-method status="SKIP" signature="setup(java.lang.reflect.Method)[pri:0, instance:com.bms.M15.ArrivalAlert.TestDifferentTypeOfAppointmentsOnPracticeView@2ac273d3]" name="setup" is-config="true" duration-ms="0" started-at="2018-05-10T09:45:16Z" finished-at="2018-05-10T09:45:16Z">
          <reporter-output>
          </reporter-output>
        </test-method> <!-- setup -->
        <test-method status="SKIP" signature="afterMethod(org.testng.ITestResult)[pri:0, instance:com.bms.M15.ArrivalAlert.TestDifferentTypeOfAppointmentsOnPracticeView@2ac273d3]" name="afterMethod" is-config="true" duration-ms="0" started-at="2018-05-10T09:45:16Z" finished-at="2018-05-10T09:45:16Z">
          <reporter-output>
          </reporter-output>
        </test-method> <!-- afterMethod -->
      </class> <!-- com.bms.M15.ArrivalAlert.TestDifferentTypeOfAppointmentsOnPracticeView -->
      <class name="com.bms.M8.FLR.TestFLR10THVisitPromtAllNotesFinalized">
        <test-method status="PASS" signature="setup()[pri:0, instance:com.bms.M8.FLR.TestFLR10THVisitPromtAllNotesFinalized@553f17c]" name="setup" is-config="true" duration-ms="5014" started-at="2018-05-10T08:58:31Z" finished-at="2018-05-10T08:58:36Z">
          <reporter-output>
          </reporter-output>
        </test-method> <!-- setup -->
        <test-method status="PASS" signature="setup(java.lang.reflect.Method)[pri:0, instance:com.bms.M8.FLR.TestFLR10THVisitPromtAllNotesFinalized@553f17c]" name="setup" is-config="true" duration-ms="31091" started-at="2018-05-10T08:58:36Z" finished-at="2018-05-10T08:59:07Z">
          <params>
            <param index="0">
              <value>
                <![CDATA[public void com.bms.M8.FLR.TestFLR10THVisitPromtAllNotesFinalized.FLR10thVisitValidateHardStopmessage() throws java.lang.InterruptedException]]>
              </value>
            </param>
          </params>
          <reporter-output>
          </reporter-output>
        </test-method> <!-- setup -->
        <test-method status="PASS" signature="FLR10thVisitValidateHardStopmessage()[pri:1, instance:com.bms.M8.FLR.TestFLR10THVisitPromtAllNotesFinalized@553f17c]" name="FLR10thVisitValidateHardStopmessage" duration-ms="1557279" started-at="2018-05-10T08:59:07Z" finished-at="2018-05-10T09:25:04Z">
          <reporter-output>
          </reporter-output>
        </test-method> <!-- FLR10thVisitValidateHardStopmessage -->
        <test-method status="PASS" signature="afterMethod(org.testng.ITestResult)[pri:0, instance:com.bms.M8.FLR.TestFLR10THVisitPromtAllNotesFinalized@553f17c]" name="afterMethod" is-config="true" duration-ms="357" started-at="2018-05-10T09:25:04Z" finished-at="2018-05-10T09:25:05Z">
          <params>
            <param index="0">
              <value>
                <![CDATA[[TestResult name=FLR10thVisitValidateHardStopmessage status=SUCCESS method=TestFLR10THVisitPromtAllNotesFinalized.FLR10thVisitValidateHardStopmessage()[pri:1, instance:com.bms.M8.FLR.TestFLR10THVisitPromtAllNotesFinalized@553f17c] output={null}]]]>
              </value>
            </param>
          </params>
          <reporter-output>
          </reporter-output>
        </test-method> <!-- afterMethod -->
        <test-method status="PASS" signature="closedrivers()[pri:0, instance:com.bms.M8.FLR.TestFLR10THVisitPromtAllNotesFinalized@553f17c]" name="closedrivers" is-config="true" duration-ms="6154" started-at="2018-05-10T09:25:05Z" finished-at="2018-05-10T09:25:11Z">
          <reporter-output>
          </reporter-output>
        </test-method> <!-- closedrivers -->
      </class> <!-- com.bms.M8.FLR.TestFLR10THVisitPromtAllNotesFinalized -->
      <class name="com.bms.M5.Notes.TestCreateNote">
        <test-method status="SKIP" signature="ValidateNonVisitTypeDDL()[pri:2, instance:com.bms.M5.Notes.TestCreateNote@185d8b6]" name="ValidateNonVisitTypeDDL" duration-ms="0" started-at="2018-05-10T09:45:16Z" finished-at="2018-05-10T09:45:16Z">
          <reporter-output>
          </reporter-output>
        </test-method> <!-- ValidateNonVisitTypeDDL -->
        <test-method status="SKIP" signature="SubsequentNoteVisitTypeDDL()[pri:3, instance:com.bms.M5.Notes.TestCreateNote@185d8b6]" name="SubsequentNoteVisitTypeDDL" duration-ms="0" started-at="2018-05-10T09:45:16Z" finished-at="2018-05-10T09:45:16Z">
          <reporter-output>
          </reporter-output>
        </test-method> <!-- SubsequentNoteVisitTypeDDL -->
        <test-method status="SKIP" signature="setup(java.lang.reflect.Method)[pri:0, instance:com.bms.M5.Notes.TestCreateNote@185d8b6]" name="setup" is-config="true" duration-ms="0" started-at="2018-05-10T09:45:16Z" finished-at="2018-05-10T09:45:16Z">
          <reporter-output>
          </reporter-output>
        </test-method> <!-- setup -->
        <test-method status="SKIP" signature="afterMethod(org.testng.ITestResult)[pri:0, instance:com.bms.M5.Notes.TestCreateNote@185d8b6]" name="afterMethod" is-config="true" duration-ms="0" started-at="2018-05-10T09:45:16Z" finished-at="2018-05-10T09:45:16Z">
          <reporter-output>
          </reporter-output>
        </test-method> <!-- afterMethod -->
        <test-method status="SKIP" signature="closedrivers()[pri:0, instance:com.bms.M5.Notes.TestCreateNote@185d8b6]" name="closedrivers" is-config="true" duration-ms="0" started-at="2018-05-10T09:45:16Z" finished-at="2018-05-10T09:45:16Z">
          <reporter-output>
          </reporter-output>
        </test-method> <!-- closedrivers -->
        <test-method status="SKIP" signature="setup(java.lang.reflect.Method)[pri:0, instance:com.bms.M5.Notes.TestCreateNote@185d8b6]" name="setup" is-config="true" duration-ms="0" started-at="2018-05-10T09:45:16Z" finished-at="2018-05-10T09:45:16Z">
          <reporter-output>
          </reporter-output>
        </test-method> <!-- setup -->
        <test-method status="SKIP" signature="afterMethod(org.testng.ITestResult)[pri:0, instance:com.bms.M5.Notes.TestCreateNote@185d8b6]" name="afterMethod" is-config="true" duration-ms="0" started-at="2018-05-10T09:45:16Z" finished-at="2018-05-10T09:45:16Z">
          <reporter-output>
          </reporter-output>
        </test-method> <!-- afterMethod -->
        <test-method status="SKIP" signature="ValidateVisitTypeDDL()[pri:1, instance:com.bms.M5.Notes.TestCreateNote@185d8b6]" name="ValidateVisitTypeDDL" duration-ms="0" started-at="2018-05-10T09:45:16Z" finished-at="2018-05-10T09:45:16Z">
          <reporter-output>
          </reporter-output>
        </test-method> <!-- ValidateVisitTypeDDL -->
        <test-method status="SKIP" signature="setup()[pri:0, instance:com.bms.M5.Notes.TestCreateNote@185d8b6]" name="setup" is-config="true" duration-ms="0" started-at="2018-05-10T09:45:16Z" finished-at="2018-05-10T09:45:16Z">
          <reporter-output>
          </reporter-output>
        </test-method> <!-- setup -->
        <test-method status="SKIP" signature="setup(java.lang.reflect.Method)[pri:0, instance:com.bms.M5.Notes.TestCreateNote@185d8b6]" name="setup" is-config="true" duration-ms="0" started-at="2018-05-10T09:45:16Z" finished-at="2018-05-10T09:45:16Z">
          <reporter-output>
          </reporter-output>
        </test-method> <!-- setup -->
        <test-method status="SKIP" signature="afterMethod(org.testng.ITestResult)[pri:0, instance:com.bms.M5.Notes.TestCreateNote@185d8b6]" name="afterMethod" is-config="true" duration-ms="0" started-at="2018-05-10T09:45:16Z" finished-at="2018-05-10T09:45:16Z">
          <reporter-output>
          </reporter-output>
        </test-method> <!-- afterMethod -->
      </class> <!-- com.bms.M5.Notes.TestCreateNote -->
      <class name="com.bms.M11.EMR.TestTreatingProviderWithInSuranceClassUnCheckedAndClinicalSetupUnChecked">
[...]
          <params>
            <param index="0">
              <value>
                <![CDATA[[TestResult name=FLR_tab_Validation_RT status=SUCCESS method=TestAPageCurrentStatusList.FLR_tab_Validation_RT()[pri:2, instance:com.bms.M7.APage.TestAPageCurrentStatusList@4dfa3a9d] output={null}]]]>
              </value>
            </param>
          </params>
          <reporter-output>
          </reporter-output>
        </test-method> <!-- afterMethod -->
        <test-method status="PASS" signature="setup(java.lang.reflect.Method)[pri:0, instance:com.bms.M7.APage.TestAPageCurrentStatusList@4dfa3a9d]" name="setup" is-config="true" duration-ms="17915" started-at="2018-05-10T06:34:43Z" finished-at="2018-05-10T06:35:01Z">
          <params>
            <param index="0">
              <value>
                <![CDATA[public void com.bms.M7.APage.TestAPageCurrentStatusList.GoalstatusValidation() throws java.lang.InterruptedException]]>
              </value>
            </param>
          </params>
          <reporter-output>
          </reporter-output>
        </test-method> <!-- setup -->
        <test-method status="PASS" signature="GoalstatusValidation()[pri:3, instance:com.bms.M7.APage.TestAPageCurrentStatusList@4dfa3a9d]" name="GoalstatusValidation" duration-ms="159478" started-at="2018-05-10T06:35:01Z" finished-at="2018-05-10T06:37:40Z">
          <reporter-output>
          </reporter-output>
        </test-method> <!-- GoalstatusValidation -->
        <test-method status="PASS" signature="afterMethod(org.testng.ITestResult)[pri:0, instance:com.bms.M7.APage.TestAPageCurrentStatusList@4dfa3a9d]" name="afterMethod" is-config="true" duration-ms="204" started-at="2018-05-10T06:37:40Z" finished-at="2018-05-10T06:37:41Z">
          <params>
            <param index="0">
              <value>
                <![CDATA[[TestResult name=GoalstatusValidation status=SUCCESS method=TestAPageCurrentStatusList.GoalstatusValidation()[pri:3, instance:com.bms.M7.APage.TestAPageCurrentStatusList@4dfa3a9d] output={null}]]]>
              </value>
            </param>
          </params>
          <reporter-output>
          </reporter-output>
        </test-method> <!-- afterMethod -->
        <test-method status="PASS" signature="setup(java.lang.reflect.Method)[pri:0, instance:com.bms.M7.APage.TestAPageCurrentStatusList@4dfa3a9d]" name="setup" is-config="true" duration-ms="24348" started-at="2018-05-10T06:37:41Z" finished-at="2018-05-10T06:38:05Z">
          <params>
            <param index="0">
              <value>
                <![CDATA[public void com.bms.M7.APage.TestAPageCurrentStatusList.SeverityModifierDropdDownListValidation() throws java.lang.InterruptedException]]>
              </value>
            </param>
          </params>
          <reporter-output>
          </reporter-output>
        </test-method> <!-- setup -->
        <test-method status="PASS" signature="SeverityModifierDropdDownListValidation()[pri:4, instance:com.bms.M7.APage.TestAPageCurrentStatusList@4dfa3a9d]" name="SeverityModifierDropdDownListValidation" duration-ms="163861" started-at="2018-05-10T06:38:05Z" finished-at="2018-05-10T06:40:49Z">
          <reporter-output>
          </reporter-output>
        </test-method> <!-- SeverityModifierDropdDownListValidation -->
        <test-method status="PASS" signature="afterMethod(org.testng.ITestResult)[pri:0, instance:com.bms.M7.APage.TestAPageCurrentStatusList@4dfa3a9d]" name="afterMethod" is-config="true" duration-ms="175" started-at="2018-05-10T06:40:49Z" finished-at="2018-05-10T06:40:49Z">
          <params>
            <param index="0">
              <value>
                <![CDATA[[TestResult name=SeverityModifierDropdDownListValidation status=SUCCESS method=TestAPageCurrentStatusList.SeverityModifierDropdDownListValidation()[pri:4, instance:com.bms.M7.APage.TestAPageCurrentStatusList@4dfa3a9d] output={null}]]]>
              </value>
            </param>
          </params>
          <reporter-output>
          </reporter-output>
        </test-method> <!-- afterMethod -->
        <test-method status="PASS" signature="closedrivers()[pri:0, instance:com.bms.M7.APage.TestAPageCurrentStatusList@4dfa3a9d]" name="closedrivers" is-config="true" duration-ms="5694" started-at="2018-05-10T06:40:49Z" finished-at="2018-05-10T06:40:55Z">
          <reporter-output>
          </reporter-output>
        </test-method> <!-- closedrivers -->
      </class> <!-- com.bms.M7.APage.TestAPageCurrentStatusList -->
      <class name="com.bms.M9.AddCharges.TestDeafults">
        <test-method status="SKIP" signature="afterMethod(org.testng.ITestResult)[pri:0, instance:com.bms.M9.AddCharges.TestDeafults@59ec2012]" name="afterMethod" is-config="true" duration-ms="0" started-at="2018-05-10T09:45:16Z" finished-at="2018-05-10T09:45:16Z">
          <reporter-output>
          </reporter-output>
        </test-method> <!-- afterMethod -->
        <test-method status="SKIP" signature="DefaultSelectionWithCase()[pri:1, instance:com.bms.M9.AddCharges.TestDeafults@59ec2012]" name="DefaultSelectionWithCase" duration-ms="0" started-at="2018-05-10T09:45:16Z" finished-at="2018-05-10T09:45:16Z">
          <reporter-output>
          </reporter-output>
        </test-method> <!-- DefaultSelectionWithCase -->
        <test-method status="SKIP" signature="setup()[pri:0, instance:com.bms.M9.AddCharges.TestDeafults@59ec2012]" name="setup" is-config="true" duration-ms="0" started-at="2018-05-10T09:45:16Z" finished-at="2018-05-10T09:45:16Z">
          <reporter-output>
          </reporter-output>
        </test-method> <!-- setup -->
        <test-method status="SKIP" signature="closedrivers()[pri:0, instance:com.bms.M9.AddCharges.TestDeafults@59ec2012]" name="closedrivers" is-config="true" duration-ms="0" started-at="2018-05-10T09:45:16Z" finished-at="2018-05-10T09:45:16Z">
          <reporter-output>
          </reporter-output>
        </test-method> <!-- closedrivers -->
        <test-method status="SKIP" signature="setup(java.lang.reflect.Method)[pri:0, instance:com.bms.M9.AddCharges.TestDeafults@59ec2012]" name="setup" is-config="true" duration-ms="0" started-at="2018-05-10T09:45:16Z" finished-at="2018-05-10T09:45:16Z">
          <reporter-output>
          </reporter-output>
        </test-method> <!-- setup -->
      </class> <!-- com.bms.M9.AddCharges.TestDeafults -->
      <class name="com.bms.M8.FLR.TestCreateCompleteNote">
        <test-method status="PASS" signature="setup()[pri:0, instance:com.bms.M8.FLR.TestCreateCompleteNote@57fffcd7]" name="setup" is-config="true" duration-ms="4739" started-at="2018-05-10T07:08:37Z" finished-at="2018-05-10T07:08:42Z">
          <reporter-output>
          </reporter-output>
        </test-method> <!-- setup -->
        <test-method status="PASS" signature="setup(java.lang.reflect.Method)[pri:0, instance:com.bms.M8.FLR.TestCreateCompleteNote@57fffcd7]" name="setup" is-config="true" duration-ms="31872" started-at="2018-05-10T07:08:42Z" finished-at="2018-05-10T07:09:14Z">
          <params>
            <param index="0">
              <value>
                <![CDATA[public void com.bms.M8.FLR.TestCreateCompleteNote.CreateCompleteNote() throws java.lang.InterruptedException]]>
              </value>
            </param>
          </params>
          <reporter-output>
          </reporter-output>
        </test-method> <!-- setup -->
        <test-method status="PASS" signature="CreateCompleteNote()[pri:1, instance:com.bms.M8.FLR.TestCreateCompleteNote@57fffcd7]" name="CreateCompleteNote" duration-ms="164311" started-at="2018-05-10T07:09:14Z" finished-at="2018-05-10T07:11:58Z">
          <reporter-output>
          </reporter-output>
        </test-method> <!-- CreateCompleteNote -->
        <test-method status="PASS" signature="afterMethod(org.testng.ITestResult)[pri:0, instance:com.bms.M8.FLR.TestCreateCompleteNote@57fffcd7]" name="afterMethod" is-config="true" duration-ms="199" started-at="2018-05-10T07:11:58Z" finished-at="2018-05-10T07:11:58Z">
          <params>
            <param index="0">
              <value>
                <![CDATA[[TestResult name=CreateCompleteNote status=SUCCESS method=TestCreateCompleteNote.CreateCompleteNote()[pri:1, instance:com.bms.M8.FLR.TestCreateCompleteNote@57fffcd7] output={null}]]]>
              </value>
            </param>
          </params>
          <reporter-output>
          </reporter-output>
        </test-method> <!-- afterMethod -->
        <test-method status="PASS" signature="closedrivers()[pri:0, instance:com.bms.M8.FLR.TestCreateCompleteNote@57fffcd7]" name="closedrivers" is-config="true" duration-ms="5596" started-at="2018-05-10T07:11:58Z" finished-at="2018-05-10T07:12:04Z">
          <reporter-output>
          </reporter-output>
        </test-method> <!-- closedrivers -->
      </class> <!-- com.bms.M8.FLR.TestCreateCompleteNote -->
      <class name="com.bms.M11.EMR.TestNonClinicalStaffWithInSuranceClassUnCheckedAndClinicalSetupUnChecked">
        <test-method status="SKIP" signature="setup()[pri:0, instance:com.bms.M11.EMR.TestNonClinicalStaffWithInSuranceClassUnCheckedAndClinicalSetupUnChecked@192b07fd]" name="setup" is-config="true" duration-ms="0" started-at="2018-05-10T09:45:16Z" finished-at="2018-05-10T09:45:16Z">
          <reporter-output>
          </reporter-output>
        </test-method> <!-- setup -->
        <test-method status="SKIP" signature="afterMethod(org.testng.ITestResult)[pri:0, instance:com.bms.M11.EMR.TestNonClinicalStaffWithInSuranceClassUnCheckedAndClinicalSetupUnChecked@192b07fd]" name="afterMethod" is-config="true" duration-ms="0" started-at="2018-05-10T09:45:16Z" finished-at="2018-05-10T09:45:16Z">
          <reporter-output>
          </reporter-output>
        </test-method> <!-- afterMethod -->
        <test-method status="SKIP" signature="setup(java.lang.reflect.Method)[pri:0, instance:com.bms.M11.EMR.TestNonClinicalStaffWithInSuranceClassUnCheckedAndClinicalSetupUnChecked@192b07fd]" name="setup" is-config="true" duration-ms="0" started-at="2018-05-10T09:45:16Z" finished-at="2018-05-10T09:45:16Z">
          <reporter-output>
          </reporter-output>
        </test-method> <!-- setup -->
        <test-method status="SKIP" signature="DONOTAlowNonClinicalStafToFinalizeVisitNotes()[pri:1, instance:com.bms.M11.EMR.TestNonClinicalStaffWithInSuranceClassUnCheckedAndClinicalSetupUnChecked@192b07fd]" name="DONOTAlowNonClinicalStafToFinalizeVisitNotes" duration-ms="0" started-at="2018-05-10T09:45:16Z" finished-at="2018-05-10T09:45:16Z">
          <reporter-output>
          </reporter-output>
        </test-method> <!-- DONOTAlowNonClinicalStafToFinalizeVisitNotes -->
        <test-method status="SKIP" signature="AllowNonclinicalstaffToFinalizNonVisitDischargenotes()[pri:3, instance:com.bms.M11.EMR.TestNonClinicalStaffWithInSuranceClassUnCheckedAndClinicalSetupUnChecked@192b07fd]" name="AllowNonclinicalstaffToFinalizNonVisitDischargenotes" duration-ms="0" started-at="2018-05-10T09:45:16Z" depends-on-methods="com.bms.M11.EMR.TestNonClinicalStaffWithInSuranceClassUnCheckedAndClinicalSetupUnChecked.DONOTAlowNonClinicalStafToFinalizeVisitNotes" finished-at="2018-05-10T09:45:16Z">
          <exception class="java.lang.Throwable">
            <message>
              <![CDATA[Method TestNonClinicalStaffWithInSuranceClassUnCheckedAndClinicalSetupUnChecked.AllowNonclinicalstaffToFinalizNonVisitDischargenotes()[pri:3, instance:com.bms.M11.EMR.TestNonClinicalStaffWithInSuranceClassUnCheckedAndClinicalSetupUnChecked@192b07fd] depends on not successfully finished methods]]>
            </message>
            <full-stacktrace>
              <![CDATA[java.lang.Throwable: Method TestNonClinicalStaffWithInSuranceClassUnCheckedAndClinicalSetupUnChecked.AllowNonclinicalstaffToFinalizNonVisitDischargenotes()[pri:3, instance:com.bms.M11.EMR.TestNonClinicalStaffWithInSuranceClassUnCheckedAndClinicalSetupUnChecked@192b07fd] depends on not successfully finished methods
	at org.testng.internal.Invoker.invokeTestMethods(Invoker.java:1037)
	at org.testng.internal.TestMethodWorker.invokeTestMethods(TestMethodWorker.java:129)
	at org.testng.internal.TestMethodWorker.run(TestMethodWorker.java:112)
	at org.testng.TestRunner.privateRun(TestRunner.java:782)
	at org.testng.TestRunner.run(TestRunner.java:632)
	at org.testng.SuiteRunner.runTest(SuiteRunner.java:366)
	at org.testng.SuiteRunner.runSequentially(SuiteRunner.java:361)
	at org.testng.SuiteRunner.privateRun(SuiteRunner.java:319)
	at org.testng.SuiteRunner.run(SuiteRunner.java:268)
	at org.testng.SuiteRunnerWorker.runSuite(SuiteRunnerWorker.java:52)
	at org.testng.SuiteRunnerWorker.run(SuiteRunnerWorker.java:86)
	at org.testng.TestNG.runSuitesSequentially(TestNG.java:1244)
	at org.testng.TestNG.runSuitesLocally(TestNG.java:1169)
	at org.testng.TestNG.run(TestNG.java:1064)
	at org.apache.maven.surefire.testng.TestNGExecutor.run(TestNGExecutor.java:178)
	at org.apache.maven.surefire.testng.TestNGXmlTestSuite.execute(TestNGXmlTestSuite.java:92)
	at org.apache.maven.surefire.testng.TestNGProvider.invoke(TestNGProvider.java:96)
	at sun.reflect.NativeMethodAccessorImpl.invoke0(Native Method)
	at sun.reflect.NativeMethodAccessorImpl.invoke(NativeMethodAccessorImpl.java:62)
	at sun.reflect.DelegatingMethodAccessorImpl.invoke(DelegatingMethodAccessorImpl.java:43)
	at java.lang.reflect.Method.invoke(Method.java:498)
	at org.apache.maven.surefire.util.ReflectionUtils.invokeMethodWithArray2(ReflectionUtils.java:208)
	at org.apache.maven.surefire.booter.ProviderFactory$ProviderProxy.invoke(ProviderFactory.java:159)
	at org.apache.maven.surefire.booter.ProviderFactory.invokeProvider(ProviderFactory.java:87)
	at org.apache.maven.surefire.booter.ForkedBooter.runSuitesInProcess(ForkedBooter.java:153)
	at org.apache.maven.surefire.booter.ForkedBooter.main(ForkedBooter.java:95)
]]>
            </full-stacktrace>
          </exception> <!-- java.lang.Throwable -->
          <reporter-output>
          </reporter-output>
        </test-method> <!-- AllowNonclinicalstaffToFinalizNonVisitDischargenotes -->
        <test-method status="SKIP" signature="AllowNonClinicalStaffToFINALIZENOnVisitNotes()[pri:2, instance:com.bms.M11.EMR.TestNonClinicalStaffWithInSuranceClassUnCheckedAndClinicalSetupUnChecked@192b07fd]" name="AllowNonClinicalStaffToFINALIZENOnVisitNotes" duration-ms="0" started-at="2018-05-10T09:45:16Z" depends-on-methods="com.bms.M11.EMR.TestNonClinicalStaffWithInSuranceClassUnCheckedAndClinicalSetupUnChecked.DONOTAlowNonClinicalStafToFinalizeVisitNotes" finished-at="2018-05-10T09:45:16Z">
          <exception class="java.lang.Throwable">
            <message>
              <![CDATA[Method TestNonClinicalStaffWithInSuranceClassUnCheckedAndClinicalSetupUnChecked.AllowNonClinicalStaffToFINALIZENOnVisitNotes()[pri:2, instance:com.bms.M11.EMR.TestNonClinicalStaffWithInSuranceClassUnCheckedAndClinicalSetupUnChecked@192b07fd] depends on not successfully finished methods]]>
            </message>
            <full-stacktrace>
              <![CDATA[java.lang.Throwable: Method TestNonClinicalStaffWithInSuranceClassUnCheckedAndClinicalSetupUnChecked.AllowNonClinicalStaffToFINALIZENOnVisitNotes()[pri:2, instance:com.bms.M11.EMR.TestNonClinicalStaffWithInSuranceClassUnCheckedAndClinicalSetupUnChecked@192b07fd] depends on not successfully finished methods
	at org.testng.internal.Invoker.invokeTestMethods(Invoker.java:1037)
	at org.testng.internal.TestMethodWorker.invokeTestMethods(TestMethodWorker.java:129)
	at org.testng.internal.TestMethodWorker.run(TestMethodWorker.java:112)
	at org.testng.TestRunner.privateRun(TestRunner.java:782)
	at org.testng.TestRunner.run(TestRunner.java:632)
	at org.testng.SuiteRunner.runTest(SuiteRunner.java:366)
	at org.testng.SuiteRunner.runSequentially(SuiteRunner.java:361)
	at org.testng.SuiteRunner.privateRun(SuiteRunner.java:319)
	at org.testng.SuiteRunner.run(SuiteRunner.java:268)
	at org.testng.SuiteRunnerWorker.runSuite(SuiteRunnerWorker.java:52)
	at org.testng.SuiteRunnerWorker.run(SuiteRunnerWorker.java:86)
	at org.testng.TestNG.runSuitesSequentially(TestNG.java:1244)
	at org.testng.TestNG.runSuitesLocally(TestNG.java:1169)
	at org.testng.TestNG.run(TestNG.java:1064)
	at org.apache.maven.surefire.testng.TestNGExecutor.run(TestNGExecutor.java:178)
	at org.apache.maven.surefire.testng.TestNGXmlTestSuite.execute(TestNGXmlTestSuite.java:92)
	at org.apache.maven.surefire.testng.TestNGProvider.invoke(TestNGProvider.java:96)
	at sun.reflect.NativeMethodAccessorImpl.invoke0(Native Method)
	at sun.reflect.NativeMethodAccessorImpl.invoke(NativeMethodAccessorImpl.java:62)
	at sun.reflect.DelegatingMethodAccessorImpl.invoke(DelegatingMethodAccessorImpl.java:43)
	at java.lang.reflect.Method.invoke(Method.java:498)
	at org.apache.maven.surefire.util.ReflectionUtils.invokeMethodWithArray2(ReflectionUtils.java:208)
	at org.apache.maven.surefire.booter.ProviderFactory$ProviderProxy.invoke(ProviderFactory.java:159)
	at org.apache.maven.surefire.booter.ProviderFactory.invokeProvider(ProviderFactory.java:87)
	at org.apache.maven.surefire.booter.ForkedBooter.runSuitesInProcess(ForkedBooter.java:153)
	at org.apache.maven.surefire.booter.ForkedBooter.main(ForkedBooter.java:95)
]]>
            </full-stacktrace>
          </exception> <!-- java.lang.Throwable -->
          <reporter-output>
          </reporter-output>
        </test-method> <!-- AllowNonClinicalStaffToFINALIZENOnVisitNotes -->
        <test-method status="SKIP" signature="closedrivers()[pri:0, instance:com.bms.M11.EMR.TestNonClinicalStaffWithInSuranceClassUnCheckedAndClinicalSetupUnChecked@192b07fd]" name="closedrivers" is-config="true" duration-ms="0" started-at="2018-05-10T09:45:16Z" finished-at="2018-05-10T09:45:16Z">
          <reporter-output>
          </reporter-output>
        </test-method> <!-- closedrivers -->
      </class> <!-- com.bms.M11.EMR.TestNonClinicalStaffWithInSuranceClassUnCheckedAndClinicalSetupUnChecked -->
      <class name="com.bms.M14.PQRS.TestPQRSHardstop_2">
        <test-method status="SKIP" signature="setup()[pri:0, instance:com.bms.M14.PQRS.TestPQRSHardstop_2@52a86356]" name="setup" is-config="true" duration-ms="0" started-at="2018-05-10T09:45:16Z" finished-at="2018-05-10T09:45:16Z">
          <reporter-output>
          </reporter-output>
        </test-method> <!-- setup -->
        <test-method status="SKIP" signature="afterMethod(org.testng.ITestResult)[pri:0, instance:com.bms.M14.PQRS.TestPQRSHardstop_2@52a86356]" name="afterMethod" is-config="true" duration-ms="0" started-at="2018-05-10T09:45:16Z" finished-at="2018-05-10T09:45:16Z">
          <reporter-output>
          </reporter-output>
        </test-method> <!-- afterMethod -->
        <test-method status="SKIP" signature="closedrivers()[pri:0, instance:com.bms.M14.PQRS.TestPQRSHardstop_2@52a86356]" name="closedrivers" is-config="true" duration-ms="0" started-at="2018-05-10T09:45:16Z" finished-at="2018-05-10T09:45:16Z">
          <reporter-output>
          </reporter-output>
        </test-method> <!-- closedrivers -->
        <test-method status="SKIP" signature="PQRS_HardStop_ViewPastData_64()[pri:1, instance:com.bms.M14.PQRS.TestPQRSHardstop_2@52a86356]" name="PQRS_HardStop_ViewPastData_64" duration-ms="0" started-at="2018-05-10T09:45:16Z" finished-at="2018-05-10T09:45:16Z">
          <reporter-output>
          </reporter-output>
        </test-method> <!-- PQRS_HardStop_ViewPastData_64 -->
        <test-method status="SKIP" signature="setup(java.lang.reflect.Method)[pri:0, instance:com.bms.M14.PQRS.TestPQRSHardstop_2@52a86356]" name="setup" is-config="true" duration-ms="0" started-at="2018-05-10T09:45:16Z" finished-at="2018-05-10T09:45:16Z">
          <reporter-output>
          </reporter-output>
        </test-method> <!-- setup -->
      </class> <!-- com.bms.M14.PQRS.TestPQRSHardstop_2 -->
    </test> <!-- Testchrome -->
  </suite> <!-- Suite -->
</testng-results>
