<?xml version="1.0" encoding="UTF-8"?>
<testng-results skipped="0" failed="0" total="1" passed="1">
  <reporter-output>
    <line>
      <![CDATA[Browser's info won't available in extent report]]>
    </line>
  </reporter-output>
  <suite name="Suite" duration-ms="108788" started-at="2018-06-29T04:32:26Z" finished-at="2018-06-29T04:34:15Z">
    <groups>
    </groups>
    <test name="Testchrome" duration-ms="108788" started-at="2018-06-29T04:32:26Z" finished-at="2018-06-29T04:34:15Z">
      <class name="com.bms.M1.Login.TestLogin">
        <test-method status="PASS" signature="beforeSuite(java.lang.String)[pri:0, instance:com.bms.M1.Login.TestLogin@3abbfa04]" name="beforeSuite" is-config="true" duration-ms="89" started-at="2018-06-29T10:02:26Z" finished-at="2018-06-29T10:02:26Z">
          <params>
            <param index="0">
              <value>
                <![CDATA[firefox]]>
              </value>
            </param>
          </params>
          <reporter-output>
          </reporter-output>
        </test-method> <!-- beforeSuite -->
        <test-method status="PASS" signature="setup()[pri:0, instance:com.bms.M1.Login.TestLogin@3abbfa04]" name="setup" is-config="true" duration-ms="6332" started-at="2018-06-29T10:02:26Z" finished-at="2018-06-29T10:02:32Z">
          <reporter-output>
          </reporter-output>
        </test-method> <!-- setup -->
        <test-method status="PASS" signature="setup(java.lang.reflect.Method)[pri:0, instance:com.bms.M1.Login.TestLogin@3abbfa04]" name="setup" is-config="true" duration-ms="98447" started-at="2018-06-29T10:02:32Z" finished-at="2018-06-29T10:04:11Z">
          <params>
            <param index="0">
              <value>
                <![CDATA[public void com.bms.M1.Login.TestLogin.testvalidlogin() throws java.lang.InterruptedException]]>
              </value>
            </param>
          </params>
          <reporter-output>
          </reporter-output>
        </test-method> <!-- setup -->
        <test-method status="PASS" signature="testvalidlogin()[pri:1, instance:com.bms.M1.Login.TestLogin@3abbfa04]" name="testvalidlogin" duration-ms="732" started-at="2018-06-29T10:04:11Z" finished-at="2018-06-29T10:04:11Z">
          <reporter-output>
          </reporter-output>
        </test-method> <!-- testvalidlogin -->
        <test-method status="PASS" signature="afterMethod(org.testng.ITestResult)[pri:0, instance:com.bms.M1.Login.TestLogin@3abbfa04]" name="afterMethod" is-config="true" duration-ms="141" started-at="2018-06-29T10:04:11Z" finished-at="2018-06-29T10:04:12Z">
          <params>
            <param index="0">
              <value>
                <![CDATA[[TestResult name=testvalidlogin status=SUCCESS method=TestLogin.testvalidlogin()[pri:1, instance:com.bms.M1.Login.TestLogin@3abbfa04] output={null}]]]>
              </value>
            </param>
          </params>
          <reporter-output>
          </reporter-output>
        </test-method> <!-- afterMethod -->
        <test-method status="PASS" signature="closedrivers()[pri:0, instance:com.bms.M1.Login.TestLogin@3abbfa04]" name="closedrivers" is-config="true" duration-ms="3129" started-at="2018-06-29T10:04:12Z" finished-at="2018-06-29T10:04:15Z">
          <reporter-output>
          </reporter-output>
        </test-method> <!-- closedrivers -->
        <test-method status="PASS" signature="afterSuite(java.lang.String)[pri:0, instance:com.bms.M1.Login.TestLogin@3abbfa04]" name="afterSuite" is-config="true" duration-ms="168" started-at="2018-06-29T10:04:15Z" finished-at="2018-06-29T10:04:15Z">
          <params>
            <param index="0">
              <value>
                <![CDATA[Smoke]]>
              </value>
            </param>
          </params>
          <reporter-output>
            <line>
              <![CDATA[Browser's info won't available in extent report]]>
            </line>
          </reporter-output>
        </test-method> <!-- afterSuite -->
      </class> <!-- com.bms.M1.Login.TestLogin -->
    </test> <!-- Testchrome -->
  </suite> <!-- Suite -->
</testng-results>
